   1              		.syntax unified
   2              		.cpu cortex-m3
   3              		.fpu softvfp
   4              		.eabi_attribute 20, 1	@ Tag_ABI_FP_denormal
   5              		.eabi_attribute 21, 1	@ Tag_ABI_FP_exceptions
   6              		.eabi_attribute 23, 3	@ Tag_ABI_FP_number_model
   7              		.eabi_attribute 24, 1	@ Tag_ABI_align8_needed
   8              		.eabi_attribute 25, 1	@ Tag_ABI_align8_preserved
   9              		.eabi_attribute 26, 1	@ Tag_ABI_enum_size
  10              		.eabi_attribute 30, 2	@ Tag_ABI_optimization_goals
  11              		.eabi_attribute 34, 1	@ Tag_CPU_unaligned_access
  12              		.eabi_attribute 18, 4	@ Tag_ABI_PCS_wchar_t
  13              		.file	"eeprom.c"
  14              	@ GNU C (GNU Tools for ARM Embedded Processors) version 4.8.3 20131129 (release) [ARM/embedded-4_8-
  15              	@	compiled by GNU C version 4.2.1-sjlj (mingw32-2), GMP version 4.3.2, MPFR version 2.4.2, MPC vers
  16              	@ GGC heuristics: --param ggc-min-expand=100 --param ggc-min-heapsize=131072
  17              	@ options passed: 
  18              	@ -I C:\Program Files (x86)\GNU Tools ARM Embedded\4.8 2013q4/arm-none-eabi/include
  19              	@ -I C:\Program Files (x86)\GNU Tools ARM Embedded\4.8 2013q4/lib/gcc/arm-none-eabi/4.8.3/include
  20              	@ -I C:\Program Files (x86)\GNU Tools ARM Embedded\4.8 2013q4/lib/gcc/arm-none-eabi/4.8.3/include-f
  21              	@ -I C:\Users\Chris\workspace\Firmware-master\Libraries\CMSIS\Include
  22              	@ -I C:\Users\Chris\workspace\Firmware-master\Libraries\CMSIS\Device\ST\STM32F10x\Include
  23              	@ -I C:\Users\Chris\workspace\Firmware-master\Libraries\STM32_USB-FS-Device_Driver\inc
  24              	@ -I C:\Users\Chris\workspace\Firmware-master\Libraries\STM32F10x_StdPeriph_Driver\inc
  25              	@ -I C:\Users\Chris\workspace\Firmware-master\src
  26              	@ -I C:\Users\Chris\workspace\Firmware-master\src\VCP\inc
  27              	@ -imultilib armv7-m
  28              	@ -iprefix c:\program files (x86)\gnu tools arm embedded\4.8 2013q4\bin\../lib/gcc/arm-none-eabi/4.
  29              	@ -isysroot c:\program files (x86)\gnu tools arm embedded\4.8 2013q4\bin\../arm-none-eabi
  30              	@ -MMD src/eeprom.d -MF src/eeprom.d -MP -MT src/eeprom.d
  31              	@ -D__USES_INITFINI__ -D STM32F10X_HD -D USE_STDPERIPH_DRIVER
  32              	@ ../src/eeprom.c -mcpu=cortex-m3 -mthumb -auxbase-strip src/eeprom.o -O2
  33              	@ -Wall -Wextra -Wstrict-prototypes -std=gnu99 -ffunction-sections
  34              	@ -fdata-sections -fsingle-precision-constant -fverbose-asm
  35              	@ options enabled:  -faggressive-loop-optimizations -fauto-inc-dec
  36              	@ -fbranch-count-reg -fcaller-saves -fcombine-stack-adjustments -fcommon
  37              	@ -fcompare-elim -fcprop-registers -fcrossjumping -fcse-follow-jumps
  38              	@ -fdata-sections -fdefer-pop -fdelete-null-pointer-checks -fdevirtualize
  39              	@ -fdwarf2-cfi-asm -fearly-inlining -feliminate-unused-debug-types
  40              	@ -fexpensive-optimizations -fforward-propagate -ffunction-cse
  41              	@ -ffunction-sections -fgcse -fgcse-lm -fgnu-runtime
  42              	@ -fguess-branch-probability -fhoist-adjacent-loads -fident -fif-conversion
  43              	@ -fif-conversion2 -findirect-inlining -finline -finline-atomics
  44              	@ -finline-functions-called-once -finline-small-functions -fipa-cp
  45              	@ -fipa-profile -fipa-pure-const -fipa-reference -fipa-sra
  46              	@ -fira-hoist-pressure -fira-share-save-slots -fira-share-spill-slots
  47              	@ -fivopts -fkeep-static-consts -fleading-underscore -fmath-errno
  48              	@ -fmerge-constants -fmerge-debug-strings -fmove-loop-invariants
  49              	@ -fomit-frame-pointer -foptimize-register-move -foptimize-sibling-calls
  50              	@ -foptimize-strlen -fpartial-inlining -fpeephole -fpeephole2
  51              	@ -fprefetch-loop-arrays -freg-struct-return -fregmove -freorder-blocks
  52              	@ -freorder-functions -frerun-cse-after-loop
  53              	@ -fsched-critical-path-heuristic -fsched-dep-count-heuristic
  54              	@ -fsched-group-heuristic -fsched-interblock -fsched-last-insn-heuristic
  55              	@ -fsched-pressure -fsched-rank-heuristic -fsched-spec
  56              	@ -fsched-spec-insn-heuristic -fsched-stalled-insns-dep -fschedule-insns
  57              	@ -fschedule-insns2 -fsection-anchors -fshow-column -fshrink-wrap
  58              	@ -fsigned-zeros -fsingle-precision-constant -fsplit-ivs-in-unroller
  59              	@ -fsplit-wide-types -fstrict-aliasing -fstrict-overflow
  60              	@ -fstrict-volatile-bitfields -fsync-libcalls -fthread-jumps
  61              	@ -ftoplevel-reorder -ftrapping-math -ftree-bit-ccp -ftree-builtin-call-dce
  62              	@ -ftree-ccp -ftree-ch -ftree-coalesce-vars -ftree-copy-prop
  63              	@ -ftree-copyrename -ftree-cselim -ftree-dce -ftree-dominator-opts
  64              	@ -ftree-dse -ftree-forwprop -ftree-fre -ftree-loop-if-convert
  65              	@ -ftree-loop-im -ftree-loop-ivcanon -ftree-loop-optimize
  66              	@ -ftree-parallelize-loops= -ftree-phiprop -ftree-pre -ftree-pta
  67              	@ -ftree-reassoc -ftree-scev-cprop -ftree-sink -ftree-slp-vectorize
  68              	@ -ftree-slsr -ftree-sra -ftree-switch-conversion -ftree-tail-merge
  69              	@ -ftree-ter -ftree-vect-loop-version -ftree-vrp -funit-at-a-time
  70              	@ -fverbose-asm -fzero-initialized-in-bss -mfix-cortex-m3-ldrd
  71              	@ -mlittle-endian -mpic-data-is-text-relative -msched-prolog -mthumb
  72              	@ -munaligned-access -mvectorize-with-neon-quad
  73              	
  74              		.section	.text.WriteToEEPROM,"ax",%progbits
  75              		.align	2
  76              		.global	WriteToEEPROM
  77              		.thumb
  78              		.thumb_func
  80              	WriteToEEPROM:
  81              		@ args = 0, pretend = 0, frame = 0
  82              		@ frame_needed = 0, uses_anonymous_args = 0
  83 0000 38B5     		push	{r3, r4, r5, lr}	@
  84 0002 0446     		mov	r4, r0	@ addressToWrite, addressToWrite
  85 0004 0520     		movs	r0, #5	@,
  86 0006 0D46     		mov	r5, r1	@ DataToWrite, DataToWrite
  87 0008 FFF7FEFF 		bl	Delay_ms	@
  88 000c FFF7FEFF 		bl	I2C1_Start	@
  89 0010 AE20     		movs	r0, #174	@,
  90 0012 FFF7FEFF 		bl	I2C1_SendByte	@
  91 0016 FFF7FEFF 		bl	I2C1_WaitAck	@
  92 001a 2046     		mov	r0, r4	@, addressToWrite
  93 001c FFF7FEFF 		bl	I2C1_SendByte	@
  94 0020 FFF7FEFF 		bl	I2C1_WaitAck	@
  95 0024 2846     		mov	r0, r5	@, DataToWrite
  96 0026 FFF7FEFF 		bl	I2C1_SendByte	@
  97 002a FFF7FEFF 		bl	I2C1_WaitAck	@
  98 002e FFF7FEFF 		bl	I2C1_Stop	@
  99 0032 BDE83840 		pop	{r3, r4, r5, lr}	@
 100 0036 0520     		movs	r0, #5	@,
 101 0038 FFF7FEBF 		b	Delay_ms	@
 103              		.section	.text.ReadFromEEPROM,"ax",%progbits
 104              		.align	2
 105              		.global	ReadFromEEPROM
 106              		.thumb
 107              		.thumb_func
 109              	ReadFromEEPROM:
 110              		@ args = 0, pretend = 0, frame = 0
 111              		@ frame_needed = 0, uses_anonymous_args = 0
 112 0000 38B5     		push	{r3, r4, r5, lr}	@
 113 0002 0546     		mov	r5, r0	@ readAddr, readAddr
 114 0004 174C     		ldr	r4, .L5	@ tmp115,
 115 0006 0120     		movs	r0, #1	@,
 116 0008 FFF7FEFF 		bl	Delay_ms	@
 117 000c 0023     		movs	r3, #0	@ tmp116,
 118 000e 2360     		str	r3, [r4]	@ tmp116, I2Cerror
 119 0010 FFF7FEFF 		bl	I2C1_Start	@
 120 0014 AE20     		movs	r0, #174	@,
 121 0016 FFF7FEFF 		bl	I2C1_SendByte	@
 122 001a FFF7FEFF 		bl	I2C1_WaitAck	@
 123 001e 2846     		mov	r0, r5	@, readAddr
 124 0020 FFF7FEFF 		bl	I2C1_SendByte	@
 125 0024 FFF7FEFF 		bl	I2C1_WaitAck	@
 126 0028 FFF7FEFF 		bl	I2C1_Stop	@
 127 002c 0120     		movs	r0, #1	@,
 128 002e FFF7FEFF 		bl	Delay_ms	@
 129 0032 FFF7FEFF 		bl	I2C1_Start	@
 130 0036 AF20     		movs	r0, #175	@,
 131 0038 FFF7FEFF 		bl	I2C1_SendByte	@
 132 003c FFF7FEFF 		bl	I2C1_WaitAck	@
 133 0040 FFF7FEFF 		bl	I2C1_ReceiveByte	@
 134 0044 0546     		mov	r5, r0	@ tmp117,
 135 0046 FFF7FEFF 		bl	I2C1_NoAck	@
 136 004a FFF7FEFF 		bl	I2C1_Stop	@
 137 004e 0120     		movs	r0, #1	@,
 138 0050 FFF7FEFF 		bl	Delay_ms	@
 139 0054 2368     		ldr	r3, [r4]	@ I2Cerror, I2Cerror
 140 0056 002B     		cmp	r3, #0	@ I2Cerror,
 141 0058 0CBF     		ite	eq	@
 142 005a 2846     		moveq	r0, r5	@,, tmp117
 143 005c 4FF0FF30 		movne	r0, #-1	@,,
 144 0060 38BD     		pop	{r3, r4, r5, pc}	@
 145              	.L6:
 146 0062 00BF     		.align	2
 147              	.L5:
 148 0064 00000000 		.word	I2Cerror
 150              		.ident	"GCC: (GNU Tools for ARM Embedded Processors) 4.8.3 20131129 (release) [ARM/embedded-4_8-br
DEFINED SYMBOLS
                            *ABS*:00000000 eeprom.c
C:\Users\Chris\AppData\Local\Temp\ccyucEP5.s:75     .text.WriteToEEPROM:00000000 $t
C:\Users\Chris\AppData\Local\Temp\ccyucEP5.s:80     .text.WriteToEEPROM:00000000 WriteToEEPROM
C:\Users\Chris\AppData\Local\Temp\ccyucEP5.s:104    .text.ReadFromEEPROM:00000000 $t
C:\Users\Chris\AppData\Local\Temp\ccyucEP5.s:109    .text.ReadFromEEPROM:00000000 ReadFromEEPROM
C:\Users\Chris\AppData\Local\Temp\ccyucEP5.s:148    .text.ReadFromEEPROM:00000064 $d

UNDEFINED SYMBOLS
Delay_ms
I2C1_Start
I2C1_SendByte
I2C1_WaitAck
I2C1_Stop
I2C1_ReceiveByte
I2C1_NoAck
I2Cerror
