   1              		.syntax unified
   2              		.cpu cortex-m3
   3              		.fpu softvfp
   4              		.eabi_attribute 20, 1	@ Tag_ABI_FP_denormal
   5              		.eabi_attribute 21, 1	@ Tag_ABI_FP_exceptions
   6              		.eabi_attribute 23, 3	@ Tag_ABI_FP_number_model
   7              		.eabi_attribute 24, 1	@ Tag_ABI_align8_needed
   8              		.eabi_attribute 25, 1	@ Tag_ABI_align8_preserved
   9              		.eabi_attribute 26, 1	@ Tag_ABI_enum_size
  10              		.eabi_attribute 30, 2	@ Tag_ABI_optimization_goals
  11              		.eabi_attribute 34, 1	@ Tag_CPU_unaligned_access
  12              		.eabi_attribute 18, 4	@ Tag_ABI_PCS_wchar_t
  13              		.file	"stm32_it.c"
  14              	@ GNU C (GNU Tools for ARM Embedded Processors) version 4.8.3 20131129 (release) [ARM/embedded-4_8-
  15              	@	compiled by GNU C version 4.2.1-sjlj (mingw32-2), GMP version 4.3.2, MPFR version 2.4.2, MPC vers
  16              	@ GGC heuristics: --param ggc-min-expand=100 --param ggc-min-heapsize=131072
  17              	@ options passed: 
  18              	@ -I C:\Program Files (x86)\GNU Tools ARM Embedded\4.8 2013q4/arm-none-eabi/include
  19              	@ -I C:\Program Files (x86)\GNU Tools ARM Embedded\4.8 2013q4/lib/gcc/arm-none-eabi/4.8.3/include
  20              	@ -I C:\Program Files (x86)\GNU Tools ARM Embedded\4.8 2013q4/lib/gcc/arm-none-eabi/4.8.3/include-f
  21              	@ -I C:\Users\Chris\workspace\Firmware-master\Libraries\CMSIS\Include
  22              	@ -I C:\Users\Chris\workspace\Firmware-master\Libraries\CMSIS\Device\ST\STM32F10x\Include
  23              	@ -I C:\Users\Chris\workspace\Firmware-master\Libraries\STM32_USB-FS-Device_Driver\inc
  24              	@ -I C:\Users\Chris\workspace\Firmware-master\Libraries\STM32F10x_StdPeriph_Driver\inc
  25              	@ -I C:\Users\Chris\workspace\Firmware-master\src
  26              	@ -I C:\Users\Chris\workspace\Firmware-master\src\VCP\inc
  27              	@ -imultilib armv7-m
  28              	@ -iprefix c:\program files (x86)\gnu tools arm embedded\4.8 2013q4\bin\../lib/gcc/arm-none-eabi/4.
  29              	@ -isysroot c:\program files (x86)\gnu tools arm embedded\4.8 2013q4\bin\../arm-none-eabi
  30              	@ -MMD src/stm32_it.d -MF src/stm32_it.d -MP -MT src/stm32_it.d
  31              	@ -D__USES_INITFINI__ -D STM32F10X_HD -D USE_STDPERIPH_DRIVER
  32              	@ ../src/stm32_it.c -mcpu=cortex-m3 -mthumb -auxbase-strip src/stm32_it.o
  33              	@ -O2 -Wall -Wextra -Wstrict-prototypes -std=gnu99 -ffunction-sections
  34              	@ -fdata-sections -fsingle-precision-constant -fverbose-asm
  35              	@ options enabled:  -faggressive-loop-optimizations -fauto-inc-dec
  36              	@ -fbranch-count-reg -fcaller-saves -fcombine-stack-adjustments -fcommon
  37              	@ -fcompare-elim -fcprop-registers -fcrossjumping -fcse-follow-jumps
  38              	@ -fdata-sections -fdefer-pop -fdelete-null-pointer-checks -fdevirtualize
  39              	@ -fdwarf2-cfi-asm -fearly-inlining -feliminate-unused-debug-types
  40              	@ -fexpensive-optimizations -fforward-propagate -ffunction-cse
  41              	@ -ffunction-sections -fgcse -fgcse-lm -fgnu-runtime
  42              	@ -fguess-branch-probability -fhoist-adjacent-loads -fident -fif-conversion
  43              	@ -fif-conversion2 -findirect-inlining -finline -finline-atomics
  44              	@ -finline-functions-called-once -finline-small-functions -fipa-cp
  45              	@ -fipa-profile -fipa-pure-const -fipa-reference -fipa-sra
  46              	@ -fira-hoist-pressure -fira-share-save-slots -fira-share-spill-slots
  47              	@ -fivopts -fkeep-static-consts -fleading-underscore -fmath-errno
  48              	@ -fmerge-constants -fmerge-debug-strings -fmove-loop-invariants
  49              	@ -fomit-frame-pointer -foptimize-register-move -foptimize-sibling-calls
  50              	@ -foptimize-strlen -fpartial-inlining -fpeephole -fpeephole2
  51              	@ -fprefetch-loop-arrays -freg-struct-return -fregmove -freorder-blocks
  52              	@ -freorder-functions -frerun-cse-after-loop
  53              	@ -fsched-critical-path-heuristic -fsched-dep-count-heuristic
  54              	@ -fsched-group-heuristic -fsched-interblock -fsched-last-insn-heuristic
  55              	@ -fsched-pressure -fsched-rank-heuristic -fsched-spec
  56              	@ -fsched-spec-insn-heuristic -fsched-stalled-insns-dep -fschedule-insns
  57              	@ -fschedule-insns2 -fsection-anchors -fshow-column -fshrink-wrap
  58              	@ -fsigned-zeros -fsingle-precision-constant -fsplit-ivs-in-unroller
  59              	@ -fsplit-wide-types -fstrict-aliasing -fstrict-overflow
  60              	@ -fstrict-volatile-bitfields -fsync-libcalls -fthread-jumps
  61              	@ -ftoplevel-reorder -ftrapping-math -ftree-bit-ccp -ftree-builtin-call-dce
  62              	@ -ftree-ccp -ftree-ch -ftree-coalesce-vars -ftree-copy-prop
  63              	@ -ftree-copyrename -ftree-cselim -ftree-dce -ftree-dominator-opts
  64              	@ -ftree-dse -ftree-forwprop -ftree-fre -ftree-loop-if-convert
  65              	@ -ftree-loop-im -ftree-loop-ivcanon -ftree-loop-optimize
  66              	@ -ftree-parallelize-loops= -ftree-phiprop -ftree-pre -ftree-pta
  67              	@ -ftree-reassoc -ftree-scev-cprop -ftree-sink -ftree-slp-vectorize
  68              	@ -ftree-slsr -ftree-sra -ftree-switch-conversion -ftree-tail-merge
  69              	@ -ftree-ter -ftree-vect-loop-version -ftree-vrp -funit-at-a-time
  70              	@ -fverbose-asm -fzero-initialized-in-bss -mfix-cortex-m3-ldrd
  71              	@ -mlittle-endian -mpic-data-is-text-relative -msched-prolog -mthumb
  72              	@ -munaligned-access -mvectorize-with-neon-quad
  73              	
  74              		.section	.text.NMI_Handler,"ax",%progbits
  75              		.align	2
  76              		.global	NMI_Handler
  77              		.thumb
  78              		.thumb_func
  80              	NMI_Handler:
  81              		@ args = 0, pretend = 0, frame = 0
  82              		@ frame_needed = 0, uses_anonymous_args = 0
  83              		@ link register save eliminated.
  84 0000 7047     		bx	lr	@
  86 0002 00BF     		.section	.text.HardFault_Handler,"ax",%progbits
  87              		.align	2
  88              		.global	HardFault_Handler
  89              		.thumb
  90              		.thumb_func
  92              	HardFault_Handler:
  93              		@ Volatile: function does not return.
  94              		@ args = 0, pretend = 0, frame = 0
  95              		@ frame_needed = 0, uses_anonymous_args = 0
  96              		@ link register save eliminated.
  97              	.L3:
  98 0000 FEE7     		b	.L3	@
 100 0002 00BF     		.section	.text.MemManage_Handler,"ax",%progbits
 101              		.align	2
 102              		.global	MemManage_Handler
 103              		.thumb
 104              		.thumb_func
 106              	MemManage_Handler:
 107              		@ Volatile: function does not return.
 108              		@ args = 0, pretend = 0, frame = 0
 109              		@ frame_needed = 0, uses_anonymous_args = 0
 110              		@ link register save eliminated.
 111              	.L5:
 112 0000 FEE7     		b	.L5	@
 114 0002 00BF     		.section	.text.BusFault_Handler,"ax",%progbits
 115              		.align	2
 116              		.global	BusFault_Handler
 117              		.thumb
 118              		.thumb_func
 120              	BusFault_Handler:
 121              		@ Volatile: function does not return.
 122              		@ args = 0, pretend = 0, frame = 0
 123              		@ frame_needed = 0, uses_anonymous_args = 0
 124              		@ link register save eliminated.
 125              	.L7:
 126 0000 FEE7     		b	.L7	@
 128 0002 00BF     		.section	.text.UsageFault_Handler,"ax",%progbits
 129              		.align	2
 130              		.global	UsageFault_Handler
 131              		.thumb
 132              		.thumb_func
 134              	UsageFault_Handler:
 135              		@ Volatile: function does not return.
 136              		@ args = 0, pretend = 0, frame = 0
 137              		@ frame_needed = 0, uses_anonymous_args = 0
 138              		@ link register save eliminated.
 139              	.L9:
 140 0000 FEE7     		b	.L9	@
 142 0002 00BF     		.section	.text.SVC_Handler,"ax",%progbits
 143              		.align	2
 144              		.global	SVC_Handler
 145              		.thumb
 146              		.thumb_func
 148              	SVC_Handler:
 149              		@ args = 0, pretend = 0, frame = 0
 150              		@ frame_needed = 0, uses_anonymous_args = 0
 151              		@ link register save eliminated.
 152 0000 7047     		bx	lr	@
 154 0002 00BF     		.section	.text.DebugMon_Handler,"ax",%progbits
 155              		.align	2
 156              		.global	DebugMon_Handler
 157              		.thumb
 158              		.thumb_func
 160              	DebugMon_Handler:
 161              		@ args = 0, pretend = 0, frame = 0
 162              		@ frame_needed = 0, uses_anonymous_args = 0
 163              		@ link register save eliminated.
 164 0000 7047     		bx	lr	@
 166 0002 00BF     		.section	.text.PendSV_Handler,"ax",%progbits
 167              		.align	2
 168              		.global	PendSV_Handler
 169              		.thumb
 170              		.thumb_func
 172              	PendSV_Handler:
 173              		@ args = 0, pretend = 0, frame = 0
 174              		@ frame_needed = 0, uses_anonymous_args = 0
 175              		@ link register save eliminated.
 176 0000 7047     		bx	lr	@
 178 0002 00BF     		.section	.text.USB_LP_CAN1_RX0_IRQHandler,"ax",%progbits
 179              		.align	2
 180              		.global	USB_LP_CAN1_RX0_IRQHandler
 181              		.thumb
 182              		.thumb_func
 184              	USB_LP_CAN1_RX0_IRQHandler:
 185              		@ args = 0, pretend = 0, frame = 0
 186              		@ frame_needed = 0, uses_anonymous_args = 0
 187              		@ link register save eliminated.
 188 0000 FFF7FEBF 		b	USB_Istr	@
 190              		.section	.text.USBWakeUp_IRQHandler,"ax",%progbits
 191              		.align	2
 192              		.global	USBWakeUp_IRQHandler
 193              		.thumb
 194              		.thumb_func
 196              	USBWakeUp_IRQHandler:
 197              		@ args = 0, pretend = 0, frame = 0
 198              		@ frame_needed = 0, uses_anonymous_args = 0
 199              		@ link register save eliminated.
 200 0000 4FF48020 		mov	r0, #262144	@,
 201 0004 FFF7FEBF 		b	EXTI_ClearITPendingBit	@
 203              		.ident	"GCC: (GNU Tools for ARM Embedded Processors) 4.8.3 20131129 (release) [ARM/embedded-4_8-br
DEFINED SYMBOLS
                            *ABS*:00000000 stm32_it.c
C:\Users\Chris\AppData\Local\Temp\ccQeEoxS.s:75     .text.NMI_Handler:00000000 $t
C:\Users\Chris\AppData\Local\Temp\ccQeEoxS.s:80     .text.NMI_Handler:00000000 NMI_Handler
C:\Users\Chris\AppData\Local\Temp\ccQeEoxS.s:87     .text.HardFault_Handler:00000000 $t
C:\Users\Chris\AppData\Local\Temp\ccQeEoxS.s:92     .text.HardFault_Handler:00000000 HardFault_Handler
C:\Users\Chris\AppData\Local\Temp\ccQeEoxS.s:101    .text.MemManage_Handler:00000000 $t
C:\Users\Chris\AppData\Local\Temp\ccQeEoxS.s:106    .text.MemManage_Handler:00000000 MemManage_Handler
C:\Users\Chris\AppData\Local\Temp\ccQeEoxS.s:115    .text.BusFault_Handler:00000000 $t
C:\Users\Chris\AppData\Local\Temp\ccQeEoxS.s:120    .text.BusFault_Handler:00000000 BusFault_Handler
C:\Users\Chris\AppData\Local\Temp\ccQeEoxS.s:129    .text.UsageFault_Handler:00000000 $t
C:\Users\Chris\AppData\Local\Temp\ccQeEoxS.s:134    .text.UsageFault_Handler:00000000 UsageFault_Handler
C:\Users\Chris\AppData\Local\Temp\ccQeEoxS.s:143    .text.SVC_Handler:00000000 $t
C:\Users\Chris\AppData\Local\Temp\ccQeEoxS.s:148    .text.SVC_Handler:00000000 SVC_Handler
C:\Users\Chris\AppData\Local\Temp\ccQeEoxS.s:155    .text.DebugMon_Handler:00000000 $t
C:\Users\Chris\AppData\Local\Temp\ccQeEoxS.s:160    .text.DebugMon_Handler:00000000 DebugMon_Handler
C:\Users\Chris\AppData\Local\Temp\ccQeEoxS.s:167    .text.PendSV_Handler:00000000 $t
C:\Users\Chris\AppData\Local\Temp\ccQeEoxS.s:172    .text.PendSV_Handler:00000000 PendSV_Handler
C:\Users\Chris\AppData\Local\Temp\ccQeEoxS.s:179    .text.USB_LP_CAN1_RX0_IRQHandler:00000000 $t
C:\Users\Chris\AppData\Local\Temp\ccQeEoxS.s:184    .text.USB_LP_CAN1_RX0_IRQHandler:00000000 USB_LP_CAN1_RX0_IRQHandler
C:\Users\Chris\AppData\Local\Temp\ccQeEoxS.s:191    .text.USBWakeUp_IRQHandler:00000000 $t
C:\Users\Chris\AppData\Local\Temp\ccQeEoxS.s:196    .text.USBWakeUp_IRQHandler:00000000 USBWakeUp_IRQHandler

UNDEFINED SYMBOLS
USB_Istr
EXTI_ClearITPendingBit
