   1              		.syntax unified
   2              		.cpu cortex-m3
   3              		.fpu softvfp
   4              		.eabi_attribute 20, 1	@ Tag_ABI_FP_denormal
   5              		.eabi_attribute 21, 1	@ Tag_ABI_FP_exceptions
   6              		.eabi_attribute 23, 3	@ Tag_ABI_FP_number_model
   7              		.eabi_attribute 24, 1	@ Tag_ABI_align8_needed
   8              		.eabi_attribute 25, 1	@ Tag_ABI_align8_preserved
   9              		.eabi_attribute 26, 1	@ Tag_ABI_enum_size
  10              		.eabi_attribute 30, 2	@ Tag_ABI_optimization_goals
  11              		.eabi_attribute 34, 1	@ Tag_CPU_unaligned_access
  12              		.eabi_attribute 18, 4	@ Tag_ABI_PCS_wchar_t
  13              		.file	"stopwatch.c"
  14              	@ GNU C (GNU Tools for ARM Embedded Processors) version 4.8.3 20131129 (release) [ARM/embedded-4_8-
  15              	@	compiled by GNU C version 4.2.1-sjlj (mingw32-2), GMP version 4.3.2, MPFR version 2.4.2, MPC vers
  16              	@ GGC heuristics: --param ggc-min-expand=100 --param ggc-min-heapsize=131072
  17              	@ options passed: 
  18              	@ -I C:\Program Files (x86)\GNU Tools ARM Embedded\4.8 2013q4/arm-none-eabi/include
  19              	@ -I C:\Program Files (x86)\GNU Tools ARM Embedded\4.8 2013q4/lib/gcc/arm-none-eabi/4.8.3/include
  20              	@ -I C:\Program Files (x86)\GNU Tools ARM Embedded\4.8 2013q4/lib/gcc/arm-none-eabi/4.8.3/include-f
  21              	@ -I C:\Users\Chris\workspace\Firmware-master\Libraries\CMSIS\Include
  22              	@ -I C:\Users\Chris\workspace\Firmware-master\Libraries\CMSIS\Device\ST\STM32F10x\Include
  23              	@ -I C:\Users\Chris\workspace\Firmware-master\Libraries\STM32_USB-FS-Device_Driver\inc
  24              	@ -I C:\Users\Chris\workspace\Firmware-master\Libraries\STM32F10x_StdPeriph_Driver\inc
  25              	@ -I C:\Users\Chris\workspace\Firmware-master\src
  26              	@ -I C:\Users\Chris\workspace\Firmware-master\src\VCP\inc
  27              	@ -imultilib armv7-m
  28              	@ -iprefix c:\program files (x86)\gnu tools arm embedded\4.8 2013q4\bin\../lib/gcc/arm-none-eabi/4.
  29              	@ -isysroot c:\program files (x86)\gnu tools arm embedded\4.8 2013q4\bin\../arm-none-eabi
  30              	@ -MMD src/stopwatch.d -MF src/stopwatch.d -MP -MT src/stopwatch.d
  31              	@ -D__USES_INITFINI__ -D STM32F10X_HD -D USE_STDPERIPH_DRIVER
  32              	@ ../src/stopwatch.c -mcpu=cortex-m3 -mthumb -auxbase-strip src/stopwatch.o
  33              	@ -O2 -Wall -Wextra -Wstrict-prototypes -std=gnu99 -ffunction-sections
  34              	@ -fdata-sections -fsingle-precision-constant -fverbose-asm
  35              	@ options enabled:  -faggressive-loop-optimizations -fauto-inc-dec
  36              	@ -fbranch-count-reg -fcaller-saves -fcombine-stack-adjustments -fcommon
  37              	@ -fcompare-elim -fcprop-registers -fcrossjumping -fcse-follow-jumps
  38              	@ -fdata-sections -fdefer-pop -fdelete-null-pointer-checks -fdevirtualize
  39              	@ -fdwarf2-cfi-asm -fearly-inlining -feliminate-unused-debug-types
  40              	@ -fexpensive-optimizations -fforward-propagate -ffunction-cse
  41              	@ -ffunction-sections -fgcse -fgcse-lm -fgnu-runtime
  42              	@ -fguess-branch-probability -fhoist-adjacent-loads -fident -fif-conversion
  43              	@ -fif-conversion2 -findirect-inlining -finline -finline-atomics
  44              	@ -finline-functions-called-once -finline-small-functions -fipa-cp
  45              	@ -fipa-profile -fipa-pure-const -fipa-reference -fipa-sra
  46              	@ -fira-hoist-pressure -fira-share-save-slots -fira-share-spill-slots
  47              	@ -fivopts -fkeep-static-consts -fleading-underscore -fmath-errno
  48              	@ -fmerge-constants -fmerge-debug-strings -fmove-loop-invariants
  49              	@ -fomit-frame-pointer -foptimize-register-move -foptimize-sibling-calls
  50              	@ -foptimize-strlen -fpartial-inlining -fpeephole -fpeephole2
  51              	@ -fprefetch-loop-arrays -freg-struct-return -fregmove -freorder-blocks
  52              	@ -freorder-functions -frerun-cse-after-loop
  53              	@ -fsched-critical-path-heuristic -fsched-dep-count-heuristic
  54              	@ -fsched-group-heuristic -fsched-interblock -fsched-last-insn-heuristic
  55              	@ -fsched-pressure -fsched-rank-heuristic -fsched-spec
  56              	@ -fsched-spec-insn-heuristic -fsched-stalled-insns-dep -fschedule-insns
  57              	@ -fschedule-insns2 -fsection-anchors -fshow-column -fshrink-wrap
  58              	@ -fsigned-zeros -fsingle-precision-constant -fsplit-ivs-in-unroller
  59              	@ -fsplit-wide-types -fstrict-aliasing -fstrict-overflow
  60              	@ -fstrict-volatile-bitfields -fsync-libcalls -fthread-jumps
  61              	@ -ftoplevel-reorder -ftrapping-math -ftree-bit-ccp -ftree-builtin-call-dce
  62              	@ -ftree-ccp -ftree-ch -ftree-coalesce-vars -ftree-copy-prop
  63              	@ -ftree-copyrename -ftree-cselim -ftree-dce -ftree-dominator-opts
  64              	@ -ftree-dse -ftree-forwprop -ftree-fre -ftree-loop-if-convert
  65              	@ -ftree-loop-im -ftree-loop-ivcanon -ftree-loop-optimize
  66              	@ -ftree-parallelize-loops= -ftree-phiprop -ftree-pre -ftree-pta
  67              	@ -ftree-reassoc -ftree-scev-cprop -ftree-sink -ftree-slp-vectorize
  68              	@ -ftree-slsr -ftree-sra -ftree-switch-conversion -ftree-tail-merge
  69              	@ -ftree-ter -ftree-vect-loop-version -ftree-vrp -funit-at-a-time
  70              	@ -fverbose-asm -fzero-initialized-in-bss -mfix-cortex-m3-ldrd
  71              	@ -mlittle-endian -mpic-data-is-text-relative -msched-prolog -mthumb
  72              	@ -munaligned-access -mvectorize-with-neon-quad
  73              	
  74              		.section	.text.StopWatchInit,"ax",%progbits
  75              		.align	2
  76              		.global	StopWatchInit
  77              		.thumb
  78              		.thumb_func
  80              	StopWatchInit:
  81              		@ args = 0, pretend = 0, frame = 0
  82              		@ frame_needed = 0, uses_anonymous_args = 0
  83 0000 10B5     		push	{r4, lr}	@
  84 0002 0446     		mov	r4, r0	@ sw, sw
  85 0004 FFF7FEFF 		bl	micros	@
  86 0008 2060     		str	r0, [r4]	@ D.4118, sw_4(D)->tFirst
  87 000a 6060     		str	r0, [r4, #4]	@ D.4118, sw_4(D)->tLast
  88 000c 10BD     		pop	{r4, pc}	@
  90 000e 00BF     		.section	.text.StopWatchNow,"ax",%progbits
  91              		.align	2
  92              		.global	StopWatchNow
  93              		.thumb
  94              		.thumb_func
  96              	StopWatchNow:
  97              		@ args = 0, pretend = 0, frame = 0
  98              		@ frame_needed = 0, uses_anonymous_args = 0
  99              		@ link register save eliminated.
 100 0000 4068     		ldr	r0, [r0, #4]	@, sw_2(D)->tLast
 101 0002 7047     		bx	lr	@
 103              		.section	.text.StopWatchLap,"ax",%progbits
 104              		.align	2
 105              		.global	StopWatchLap
 106              		.thumb
 107              		.thumb_func
 109              	StopWatchLap:
 110              		@ args = 0, pretend = 0, frame = 0
 111              		@ frame_needed = 0, uses_anonymous_args = 0
 112 0000 10B5     		push	{r4, lr}	@
 113 0002 0446     		mov	r4, r0	@ sw, sw
 114 0004 FFF7FEFF 		bl	micros	@
 115 0008 6368     		ldr	r3, [r4, #4]	@ sw_4(D)->tLast, sw_4(D)->tLast
 116 000a 6060     		str	r0, [r4, #4]	@ tNow, sw_4(D)->tLast
 117 000c C01A     		subs	r0, r0, r3	@, tNow, sw_4(D)->tLast
 118 000e 10BD     		pop	{r4, pc}	@
 120              		.section	.text.StopWatchTotal,"ax",%progbits
 121              		.align	2
 122              		.global	StopWatchTotal
 123              		.thumb
 124              		.thumb_func
 126              	StopWatchTotal:
 127              		@ args = 0, pretend = 0, frame = 0
 128              		@ frame_needed = 0, uses_anonymous_args = 0
 129              		@ link register save eliminated.
 130 0000 05C8     		ldmia	r0, {r0, r2}	@ sw,,
 131 0002 101A     		subs	r0, r2, r0	@, sw_2(D)->tLast, sw_2(D)->tFirst
 132 0004 7047     		bx	lr	@
 134 0006 00BF     		.ident	"GCC: (GNU Tools for ARM Embedded Processors) 4.8.3 20131129 (release) [ARM/embedded-4_8-br
DEFINED SYMBOLS
                            *ABS*:00000000 stopwatch.c
C:\Users\Chris\AppData\Local\Temp\ccmJWnz0.s:75     .text.StopWatchInit:00000000 $t
C:\Users\Chris\AppData\Local\Temp\ccmJWnz0.s:80     .text.StopWatchInit:00000000 StopWatchInit
C:\Users\Chris\AppData\Local\Temp\ccmJWnz0.s:91     .text.StopWatchNow:00000000 $t
C:\Users\Chris\AppData\Local\Temp\ccmJWnz0.s:96     .text.StopWatchNow:00000000 StopWatchNow
C:\Users\Chris\AppData\Local\Temp\ccmJWnz0.s:104    .text.StopWatchLap:00000000 $t
C:\Users\Chris\AppData\Local\Temp\ccmJWnz0.s:109    .text.StopWatchLap:00000000 StopWatchLap
C:\Users\Chris\AppData\Local\Temp\ccmJWnz0.s:121    .text.StopWatchTotal:00000000 $t
C:\Users\Chris\AppData\Local\Temp\ccmJWnz0.s:126    .text.StopWatchTotal:00000000 StopWatchTotal

UNDEFINED SYMBOLS
micros
