   1              		.syntax unified
   2              		.cpu cortex-m3
   3              		.fpu softvfp
   4              		.eabi_attribute 20, 1	@ Tag_ABI_FP_denormal
   5              		.eabi_attribute 21, 1	@ Tag_ABI_FP_exceptions
   6              		.eabi_attribute 23, 3	@ Tag_ABI_FP_number_model
   7              		.eabi_attribute 24, 1	@ Tag_ABI_align8_needed
   8              		.eabi_attribute 25, 1	@ Tag_ABI_align8_preserved
   9              		.eabi_attribute 26, 1	@ Tag_ABI_enum_size
  10              		.eabi_attribute 30, 2	@ Tag_ABI_optimization_goals
  11              		.eabi_attribute 34, 1	@ Tag_CPU_unaligned_access
  12              		.eabi_attribute 18, 4	@ Tag_ABI_PCS_wchar_t
  13              		.file	"systick.c"
  14              	@ GNU C (GNU Tools for ARM Embedded Processors) version 4.8.3 20131129 (release) [ARM/embedded-4_8-
  15              	@	compiled by GNU C version 4.2.1-sjlj (mingw32-2), GMP version 4.3.2, MPFR version 2.4.2, MPC vers
  16              	@ GGC heuristics: --param ggc-min-expand=100 --param ggc-min-heapsize=131072
  17              	@ options passed: 
  18              	@ -I C:\Program Files (x86)\GNU Tools ARM Embedded\4.8 2013q4/arm-none-eabi/include
  19              	@ -I C:\Program Files (x86)\GNU Tools ARM Embedded\4.8 2013q4/lib/gcc/arm-none-eabi/4.8.3/include
  20              	@ -I C:\Program Files (x86)\GNU Tools ARM Embedded\4.8 2013q4/lib/gcc/arm-none-eabi/4.8.3/include-f
  21              	@ -I C:\Users\Chris\workspace\Firmware-master\Libraries\CMSIS\Include
  22              	@ -I C:\Users\Chris\workspace\Firmware-master\Libraries\CMSIS\Device\ST\STM32F10x\Include
  23              	@ -I C:\Users\Chris\workspace\Firmware-master\Libraries\STM32_USB-FS-Device_Driver\inc
  24              	@ -I C:\Users\Chris\workspace\Firmware-master\Libraries\STM32F10x_StdPeriph_Driver\inc
  25              	@ -I C:\Users\Chris\workspace\Firmware-master\src
  26              	@ -I C:\Users\Chris\workspace\Firmware-master\src\VCP\inc
  27              	@ -imultilib armv7-m
  28              	@ -iprefix c:\program files (x86)\gnu tools arm embedded\4.8 2013q4\bin\../lib/gcc/arm-none-eabi/4.
  29              	@ -isysroot c:\program files (x86)\gnu tools arm embedded\4.8 2013q4\bin\../arm-none-eabi
  30              	@ -MMD src/systick.d -MF src/systick.d -MP -MT src/systick.d
  31              	@ -D__USES_INITFINI__ -D STM32F10X_HD -D USE_STDPERIPH_DRIVER
  32              	@ ../src/systick.c -mcpu=cortex-m3 -mthumb -auxbase-strip src/systick.o -O2
  33              	@ -Wall -Wextra -Wstrict-prototypes -std=gnu99 -ffunction-sections
  34              	@ -fdata-sections -fsingle-precision-constant -fverbose-asm
  35              	@ options enabled:  -faggressive-loop-optimizations -fauto-inc-dec
  36              	@ -fbranch-count-reg -fcaller-saves -fcombine-stack-adjustments -fcommon
  37              	@ -fcompare-elim -fcprop-registers -fcrossjumping -fcse-follow-jumps
  38              	@ -fdata-sections -fdefer-pop -fdelete-null-pointer-checks -fdevirtualize
  39              	@ -fdwarf2-cfi-asm -fearly-inlining -feliminate-unused-debug-types
  40              	@ -fexpensive-optimizations -fforward-propagate -ffunction-cse
  41              	@ -ffunction-sections -fgcse -fgcse-lm -fgnu-runtime
  42              	@ -fguess-branch-probability -fhoist-adjacent-loads -fident -fif-conversion
  43              	@ -fif-conversion2 -findirect-inlining -finline -finline-atomics
  44              	@ -finline-functions-called-once -finline-small-functions -fipa-cp
  45              	@ -fipa-profile -fipa-pure-const -fipa-reference -fipa-sra
  46              	@ -fira-hoist-pressure -fira-share-save-slots -fira-share-spill-slots
  47              	@ -fivopts -fkeep-static-consts -fleading-underscore -fmath-errno
  48              	@ -fmerge-constants -fmerge-debug-strings -fmove-loop-invariants
  49              	@ -fomit-frame-pointer -foptimize-register-move -foptimize-sibling-calls
  50              	@ -foptimize-strlen -fpartial-inlining -fpeephole -fpeephole2
  51              	@ -fprefetch-loop-arrays -freg-struct-return -fregmove -freorder-blocks
  52              	@ -freorder-functions -frerun-cse-after-loop
  53              	@ -fsched-critical-path-heuristic -fsched-dep-count-heuristic
  54              	@ -fsched-group-heuristic -fsched-interblock -fsched-last-insn-heuristic
  55              	@ -fsched-pressure -fsched-rank-heuristic -fsched-spec
  56              	@ -fsched-spec-insn-heuristic -fsched-stalled-insns-dep -fschedule-insns
  57              	@ -fschedule-insns2 -fsection-anchors -fshow-column -fshrink-wrap
  58              	@ -fsigned-zeros -fsingle-precision-constant -fsplit-ivs-in-unroller
  59              	@ -fsplit-wide-types -fstrict-aliasing -fstrict-overflow
  60              	@ -fstrict-volatile-bitfields -fsync-libcalls -fthread-jumps
  61              	@ -ftoplevel-reorder -ftrapping-math -ftree-bit-ccp -ftree-builtin-call-dce
  62              	@ -ftree-ccp -ftree-ch -ftree-coalesce-vars -ftree-copy-prop
  63              	@ -ftree-copyrename -ftree-cselim -ftree-dce -ftree-dominator-opts
  64              	@ -ftree-dse -ftree-forwprop -ftree-fre -ftree-loop-if-convert
  65              	@ -ftree-loop-im -ftree-loop-ivcanon -ftree-loop-optimize
  66              	@ -ftree-parallelize-loops= -ftree-phiprop -ftree-pre -ftree-pta
  67              	@ -ftree-reassoc -ftree-scev-cprop -ftree-sink -ftree-slp-vectorize
  68              	@ -ftree-slsr -ftree-sra -ftree-switch-conversion -ftree-tail-merge
  69              	@ -ftree-ter -ftree-vect-loop-version -ftree-vrp -funit-at-a-time
  70              	@ -fverbose-asm -fzero-initialized-in-bss -mfix-cortex-m3-ldrd
  71              	@ -mlittle-endian -mpic-data-is-text-relative -msched-prolog -mthumb
  72              	@ -munaligned-access -mvectorize-with-neon-quad
  73              	
  74              		.section	.text.micros,"ax",%progbits
  75              		.align	2
  76              		.global	micros
  77              		.thumb
  78              		.thumb_func
  80              	micros:
  81              		@ args = 0, pretend = 0, frame = 0
  82              		@ frame_needed = 0, uses_anonymous_args = 0
  83              		@ link register save eliminated.
  84 0000 114A     		ldr	r2, .L9	@ tmp141,
  85 0002 30B4     		push	{r4, r5}	@
  86 0004 114D     		ldr	r5, .L9+4	@ tmp142,
  87 0006 1446     		mov	r4, r2	@ tmp143, tmp141
  88              	.L3:
  89 0008 1368     		ldr	r3, [r2]	@ timeMs, sysTickMillis
  90 000a A868     		ldr	r0, [r5, #8]	@ cycle, MEM[(struct SysTick_Type *)3758153744B].VAL
  91              	@ 30 "../src/systick.c" 1
  92 000c 00BF     		nop
  93              	@ 0 "" 2
  94              	@ 31 "../src/systick.c" 1
  95 000e 00BF     		nop
  96              	@ 0 "" 2
  97              		.thumb
  98 0010 2168     		ldr	r1, [r4]	@ sysTickMillis.0, sysTickMillis
  99 0012 0D4A     		ldr	r2, .L9	@ tmp141,
 100 0014 8B42     		cmp	r3, r1	@ timeMs, sysTickMillis.0
 101 0016 F7D1     		bne	.L3	@,
 102 0018 0C4A     		ldr	r2, .L9+4	@ tmp128,
 103 001a 30BC     		pop	{r4, r5}	@
 104 001c 1168     		ldr	r1, [r2]	@ D.6661, MEM[(struct SysTick_Type *)3758153744B].CTRL
 105 001e C903     		lsls	r1, r1, #15	@, D.6661,
 106 0020 0A49     		ldr	r1, .L9+4	@ tmp131,
 107 0022 48BF     		it	mi
 108 0024 9068     		ldrmi	r0, [r2, #8]	@ cycle, MEM[(struct SysTick_Type *)3758153744B].VAL
 109 0026 0A4A     		ldr	r2, .L9+8	@ tmp135,
 110 0028 4968     		ldr	r1, [r1, #4]	@ D.6661, MEM[(struct SysTick_Type *)3758153744B].LOAD
 111 002a 1268     		ldr	r2, [r2]	@ sysTickPerUs, sysTickPerUs
 112 002c 01F10101 		add	r1, r1, #1	@ D.6661, D.6661,
 113 0030 C0EB0100 		rsb	r0, r0, r1	@ D.6661, cycle, D.6661
 114 0034 B0FBF2F0 		udiv	r0, r0, r2	@ D.6661, D.6661, sysTickPerUs
 115 0038 48BF     		it	mi
 116 003a 0133     		addmi	r3, r3, #1	@ timeMs, timeMs,
 117 003c 4FF47A72 		mov	r2, #1000	@ tmp140,
 118 0040 02FB0300 		mla	r0, r2, r3, r0	@, tmp140, timeMs, D.6661
 119 0044 7047     		bx	lr	@
 120              	.L10:
 121 0046 00BF     		.align	2
 122              	.L9:
 123 0048 00000000 		.word	.LANCHOR0
 124 004c 10E000E0 		.word	-536813552
 125 0050 00000000 		.word	.LANCHOR1
 127              		.section	.text.millis,"ax",%progbits
 128              		.align	2
 129              		.global	millis
 130              		.thumb
 131              		.thumb_func
 133              	millis:
 134              		@ args = 0, pretend = 0, frame = 0
 135              		@ frame_needed = 0, uses_anonymous_args = 0
 136              		@ link register save eliminated.
 137 0000 014B     		ldr	r3, .L12	@ tmp112,
 138 0002 1868     		ldr	r0, [r3]	@ D.6666, sysTickMillis
 139 0004 7047     		bx	lr	@
 140              	.L13:
 141 0006 00BF     		.align	2
 142              	.L12:
 143 0008 00000000 		.word	.LANCHOR0
 145              		.section	.text.SysTick_Handler,"ax",%progbits
 146              		.align	2
 147              		.global	SysTick_Handler
 148              		.thumb
 149              		.thumb_func
 151              	SysTick_Handler:
 152              		@ args = 0, pretend = 0, frame = 0
 153              		@ frame_needed = 0, uses_anonymous_args = 0
 154 0000 08B5     		push	{r3, lr}	@
 155              	@ 342 "C:\Users\Chris\workspace\Firmware-master\Libraries\CMSIS\Include/core_cmFunc.h" 1
 156 0002 72B6     		cpsid i
 157              	@ 0 "" 2
 158              		.thumb
 159 0004 054B     		ldr	r3, .L19	@ tmp115,
 160 0006 064A     		ldr	r2, .L19+4	@ tmp114,
 161 0008 1268     		ldr	r2, [r2]	@ D.6669, MEM[(struct SysTick_Type *)3758153744B].CTRL
 162 000a 1A68     		ldr	r2, [r3]	@ sysTickMillis.2, sysTickMillis
 163 000c 0132     		adds	r2, r2, #1	@ sysTickMillis.3, sysTickMillis.2,
 164 000e 1A60     		str	r2, [r3]	@ sysTickMillis.3, sysTickMillis
 165              	@ 331 "C:\Users\Chris\workspace\Firmware-master\Libraries\CMSIS\Include/core_cmFunc.h" 1
 166 0010 62B6     		cpsie i
 167              	@ 0 "" 2
 168              		.thumb
 169 0012 044B     		ldr	r3, .L19+8	@ tmp117,
 170 0014 1B68     		ldr	r3, [r3]	@ systickUserCallback.4, systickUserCallback
 171 0016 03B1     		cbz	r3, .L14	@ systickUserCallback.4,
 172 0018 9847     		blx	r3	@ systickUserCallback.4
 173              	.L14:
 174 001a 08BD     		pop	{r3, pc}	@
 175              	.L20:
 176              		.align	2
 177              	.L19:
 178 001c 00000000 		.word	.LANCHOR0
 179 0020 10E000E0 		.word	-536813552
 180 0024 00000000 		.word	.LANCHOR2
 182              		.section	.text.SysTickAttachCallback,"ax",%progbits
 183              		.align	2
 184              		.global	SysTickAttachCallback
 185              		.thumb
 186              		.thumb_func
 188              	SysTickAttachCallback:
 189              		@ args = 0, pretend = 0, frame = 0
 190              		@ frame_needed = 0, uses_anonymous_args = 0
 191              		@ link register save eliminated.
 192 0000 014B     		ldr	r3, .L22	@ tmp111,
 193 0002 1860     		str	r0, [r3]	@ callback, systickUserCallback
 194 0004 7047     		bx	lr	@
 195              	.L23:
 196 0006 00BF     		.align	2
 197              	.L22:
 198 0008 00000000 		.word	.LANCHOR2
 200              		.section	.text.InitSysTick,"ax",%progbits
 201              		.align	2
 202              		.global	InitSysTick
 203              		.thumb
 204              		.thumb_func
 206              	InitSysTick:
 207              		@ args = 0, pretend = 0, frame = 0
 208              		@ frame_needed = 0, uses_anonymous_args = 0
 209              		@ link register save eliminated.
 210 0000 0E4B     		ldr	r3, .L26	@ tmp114,
 211 0002 0F4A     		ldr	r2, .L26+4	@ tmp121,
 212 0004 1B68     		ldr	r3, [r3]	@ SystemCoreClock.5, SystemCoreClock
 213 0006 0F49     		ldr	r1, .L26+8	@ tmp117,
 214 0008 A2FB0302 		umull	r0, r2, r2, r3	@, tmp120, tmp121, SystemCoreClock.5
 215 000c A1FB0303 		umull	r0, r3, r1, r3	@, tmp116, tmp117, SystemCoreClock.5
 216 0010 9209     		lsrs	r2, r2, #6	@ D.6674, tmp120,
 217 0012 0D49     		ldr	r1, .L26+12	@ tmp115,
 218 0014 013A     		subs	r2, r2, #1	@ D.6674, D.6674,
 219 0016 9B0C     		lsrs	r3, r3, #18	@ sysTickPerUs.6, tmp116,
 220 0018 B2F1807F 		cmp	r2, #16777216	@ D.6674,
 221 001c 30B4     		push	{r4, r5}	@
 222 001e 0B60     		str	r3, [r1]	@ sysTickPerUs.6, sysTickPerUs
 223 0020 09D2     		bcs	.L24	@,
 224 0022 0A4B     		ldr	r3, .L26+16	@ tmp122,
 225 0024 0A4C     		ldr	r4, .L26+20	@ tmp123,
 226 0026 F025     		movs	r5, #240	@ tmp124,
 227 0028 0020     		movs	r0, #0	@ tmp127,
 228 002a 0721     		movs	r1, #7	@ tmp129,
 229 002c 5A60     		str	r2, [r3, #4]	@ D.6674, MEM[(struct SysTick_Type *)3758153744B].LOAD
 230 002e 84F82350 		strb	r5, [r4, #35]	@ tmp124, MEM[(struct SCB_Type *)3758157056B].SHP
 231 0032 9860     		str	r0, [r3, #8]	@ tmp127, MEM[(struct SysTick_Type *)3758153744B].VAL
 232 0034 1960     		str	r1, [r3]	@ tmp129, MEM[(struct SysTick_Type *)3758153744B].CTRL
 233              	.L24:
 234 0036 30BC     		pop	{r4, r5}	@
 235 0038 7047     		bx	lr	@
 236              	.L27:
 237 003a 00BF     		.align	2
 238              	.L26:
 239 003c 00000000 		.word	SystemCoreClock
 240 0040 D34D6210 		.word	274877907
 241 0044 83DE1B43 		.word	1125899907
 242 0048 00000000 		.word	.LANCHOR1
 243 004c 10E000E0 		.word	-536813552
 244 0050 00ED00E0 		.word	-536810240
 246              		.section	.bss.sysTickMillis,"aw",%nobits
 247              		.align	2
 248              		.set	.LANCHOR0,. + 0
 251              	sysTickMillis:
 252 0000 00000000 		.space	4
 253              		.section	.data.sysTickPerUs,"aw",%progbits
 254              		.align	2
 255              		.set	.LANCHOR1,. + 0
 258              	sysTickPerUs:
 259 0000 48000000 		.word	72
 260              		.section	.bss.systickUserCallback,"aw",%nobits
 261              		.align	2
 262              		.set	.LANCHOR2,. + 0
 265              	systickUserCallback:
 266 0000 00000000 		.space	4
 267              		.ident	"GCC: (GNU Tools for ARM Embedded Processors) 4.8.3 20131129 (release) [ARM/embedded-4_8-br
DEFINED SYMBOLS
                            *ABS*:00000000 systick.c
C:\Users\Chris\AppData\Local\Temp\ccTVAgdb.s:75     .text.micros:00000000 $t
C:\Users\Chris\AppData\Local\Temp\ccTVAgdb.s:80     .text.micros:00000000 micros
C:\Users\Chris\AppData\Local\Temp\ccTVAgdb.s:123    .text.micros:00000048 $d
C:\Users\Chris\AppData\Local\Temp\ccTVAgdb.s:128    .text.millis:00000000 $t
C:\Users\Chris\AppData\Local\Temp\ccTVAgdb.s:133    .text.millis:00000000 millis
C:\Users\Chris\AppData\Local\Temp\ccTVAgdb.s:143    .text.millis:00000008 $d
C:\Users\Chris\AppData\Local\Temp\ccTVAgdb.s:146    .text.SysTick_Handler:00000000 $t
C:\Users\Chris\AppData\Local\Temp\ccTVAgdb.s:151    .text.SysTick_Handler:00000000 SysTick_Handler
C:\Users\Chris\AppData\Local\Temp\ccTVAgdb.s:178    .text.SysTick_Handler:0000001c $d
C:\Users\Chris\AppData\Local\Temp\ccTVAgdb.s:183    .text.SysTickAttachCallback:00000000 $t
C:\Users\Chris\AppData\Local\Temp\ccTVAgdb.s:188    .text.SysTickAttachCallback:00000000 SysTickAttachCallback
C:\Users\Chris\AppData\Local\Temp\ccTVAgdb.s:198    .text.SysTickAttachCallback:00000008 $d
C:\Users\Chris\AppData\Local\Temp\ccTVAgdb.s:201    .text.InitSysTick:00000000 $t
C:\Users\Chris\AppData\Local\Temp\ccTVAgdb.s:206    .text.InitSysTick:00000000 InitSysTick
C:\Users\Chris\AppData\Local\Temp\ccTVAgdb.s:239    .text.InitSysTick:0000003c $d
C:\Users\Chris\AppData\Local\Temp\ccTVAgdb.s:247    .bss.sysTickMillis:00000000 $d
C:\Users\Chris\AppData\Local\Temp\ccTVAgdb.s:251    .bss.sysTickMillis:00000000 sysTickMillis
C:\Users\Chris\AppData\Local\Temp\ccTVAgdb.s:254    .data.sysTickPerUs:00000000 $d
C:\Users\Chris\AppData\Local\Temp\ccTVAgdb.s:258    .data.sysTickPerUs:00000000 sysTickPerUs
C:\Users\Chris\AppData\Local\Temp\ccTVAgdb.s:261    .bss.systickUserCallback:00000000 $d
C:\Users\Chris\AppData\Local\Temp\ccTVAgdb.s:265    .bss.systickUserCallback:00000000 systickUserCallback

UNDEFINED SYMBOLS
SystemCoreClock
