   1              		.syntax unified
   2              		.cpu cortex-m3
   3              		.fpu softvfp
   4              		.eabi_attribute 20, 1	@ Tag_ABI_FP_denormal
   5              		.eabi_attribute 21, 1	@ Tag_ABI_FP_exceptions
   6              		.eabi_attribute 23, 3	@ Tag_ABI_FP_number_model
   7              		.eabi_attribute 24, 1	@ Tag_ABI_align8_needed
   8              		.eabi_attribute 25, 1	@ Tag_ABI_align8_preserved
   9              		.eabi_attribute 26, 1	@ Tag_ABI_enum_size
  10              		.eabi_attribute 30, 2	@ Tag_ABI_optimization_goals
  11              		.eabi_attribute 34, 1	@ Tag_CPU_unaligned_access
  12              		.eabi_attribute 18, 4	@ Tag_ABI_PCS_wchar_t
  13              		.file	"usb_desc.c"
  14              	@ GNU C (GNU Tools for ARM Embedded Processors) version 4.8.3 20131129 (release) [ARM/embedded-4_8-
  15              	@	compiled by GNU C version 4.2.1-sjlj (mingw32-2), GMP version 4.3.2, MPFR version 2.4.2, MPC vers
  16              	@ GGC heuristics: --param ggc-min-expand=100 --param ggc-min-heapsize=131072
  17              	@ options passed: 
  18              	@ -I C:\Program Files (x86)\GNU Tools ARM Embedded\4.8 2013q4/arm-none-eabi/include
  19              	@ -I C:\Program Files (x86)\GNU Tools ARM Embedded\4.8 2013q4/lib/gcc/arm-none-eabi/4.8.3/include
  20              	@ -I C:\Program Files (x86)\GNU Tools ARM Embedded\4.8 2013q4/lib/gcc/arm-none-eabi/4.8.3/include-f
  21              	@ -I C:\Users\Chris\workspace\Firmware-master\Libraries\CMSIS\Include
  22              	@ -I C:\Users\Chris\workspace\Firmware-master\Libraries\CMSIS\Device\ST\STM32F10x\Include
  23              	@ -I C:\Users\Chris\workspace\Firmware-master\Libraries\STM32_USB-FS-Device_Driver\inc
  24              	@ -I C:\Users\Chris\workspace\Firmware-master\Libraries\STM32F10x_StdPeriph_Driver\inc
  25              	@ -I C:\Users\Chris\workspace\Firmware-master\src
  26              	@ -I C:\Users\Chris\workspace\Firmware-master\src\VCP\inc
  27              	@ -imultilib armv7-m
  28              	@ -iprefix c:\program files (x86)\gnu tools arm embedded\4.8 2013q4\bin\../lib/gcc/arm-none-eabi/4.
  29              	@ -isysroot c:\program files (x86)\gnu tools arm embedded\4.8 2013q4\bin\../arm-none-eabi
  30              	@ -MMD src/VCP/src/usb_desc.d -MF src/VCP/src/usb_desc.d -MP
  31              	@ -MT src/VCP/src/usb_desc.d -D__USES_INITFINI__ -D STM32F10X_HD
  32              	@ -D USE_STDPERIPH_DRIVER ../src/VCP/src/usb_desc.c -mcpu=cortex-m3 -mthumb
  33              	@ -auxbase-strip src/VCP/src/usb_desc.o -O2 -Wall -Wextra
  34              	@ -Wstrict-prototypes -std=gnu99 -ffunction-sections -fdata-sections
  35              	@ -fsingle-precision-constant -fverbose-asm
  36              	@ options enabled:  -faggressive-loop-optimizations -fauto-inc-dec
  37              	@ -fbranch-count-reg -fcaller-saves -fcombine-stack-adjustments -fcommon
  38              	@ -fcompare-elim -fcprop-registers -fcrossjumping -fcse-follow-jumps
  39              	@ -fdata-sections -fdefer-pop -fdelete-null-pointer-checks -fdevirtualize
  40              	@ -fdwarf2-cfi-asm -fearly-inlining -feliminate-unused-debug-types
  41              	@ -fexpensive-optimizations -fforward-propagate -ffunction-cse
  42              	@ -ffunction-sections -fgcse -fgcse-lm -fgnu-runtime
  43              	@ -fguess-branch-probability -fhoist-adjacent-loads -fident -fif-conversion
  44              	@ -fif-conversion2 -findirect-inlining -finline -finline-atomics
  45              	@ -finline-functions-called-once -finline-small-functions -fipa-cp
  46              	@ -fipa-profile -fipa-pure-const -fipa-reference -fipa-sra
  47              	@ -fira-hoist-pressure -fira-share-save-slots -fira-share-spill-slots
  48              	@ -fivopts -fkeep-static-consts -fleading-underscore -fmath-errno
  49              	@ -fmerge-constants -fmerge-debug-strings -fmove-loop-invariants
  50              	@ -fomit-frame-pointer -foptimize-register-move -foptimize-sibling-calls
  51              	@ -foptimize-strlen -fpartial-inlining -fpeephole -fpeephole2
  52              	@ -fprefetch-loop-arrays -freg-struct-return -fregmove -freorder-blocks
  53              	@ -freorder-functions -frerun-cse-after-loop
  54              	@ -fsched-critical-path-heuristic -fsched-dep-count-heuristic
  55              	@ -fsched-group-heuristic -fsched-interblock -fsched-last-insn-heuristic
  56              	@ -fsched-pressure -fsched-rank-heuristic -fsched-spec
  57              	@ -fsched-spec-insn-heuristic -fsched-stalled-insns-dep -fschedule-insns
  58              	@ -fschedule-insns2 -fsection-anchors -fshow-column -fshrink-wrap
  59              	@ -fsigned-zeros -fsingle-precision-constant -fsplit-ivs-in-unroller
  60              	@ -fsplit-wide-types -fstrict-aliasing -fstrict-overflow
  61              	@ -fstrict-volatile-bitfields -fsync-libcalls -fthread-jumps
  62              	@ -ftoplevel-reorder -ftrapping-math -ftree-bit-ccp -ftree-builtin-call-dce
  63              	@ -ftree-ccp -ftree-ch -ftree-coalesce-vars -ftree-copy-prop
  64              	@ -ftree-copyrename -ftree-cselim -ftree-dce -ftree-dominator-opts
  65              	@ -ftree-dse -ftree-forwprop -ftree-fre -ftree-loop-if-convert
  66              	@ -ftree-loop-im -ftree-loop-ivcanon -ftree-loop-optimize
  67              	@ -ftree-parallelize-loops= -ftree-phiprop -ftree-pre -ftree-pta
  68              	@ -ftree-reassoc -ftree-scev-cprop -ftree-sink -ftree-slp-vectorize
  69              	@ -ftree-slsr -ftree-sra -ftree-switch-conversion -ftree-tail-merge
  70              	@ -ftree-ter -ftree-vect-loop-version -ftree-vrp -funit-at-a-time
  71              	@ -fverbose-asm -fzero-initialized-in-bss -mfix-cortex-m3-ldrd
  72              	@ -mlittle-endian -mpic-data-is-text-relative -msched-prolog -mthumb
  73              	@ -munaligned-access -mvectorize-with-neon-quad
  74              	
  75              		.global	Virtual_Com_Port_StringSerial
  76              		.global	Virtual_Com_Port_StringProduct
  77              		.global	Virtual_Com_Port_StringVendor
  78              		.global	Virtual_Com_Port_StringLangID
  79              		.global	Virtual_Com_Port_ConfigDescriptor
  80              		.global	Virtual_Com_Port_DeviceDescriptor
  81              		.section	.rodata.Virtual_Com_Port_StringVendor,"a",%progbits
  82              		.align	2
  85              	Virtual_Com_Port_StringVendor:
  86 0000 26       		.byte	38
  87 0001 03       		.byte	3
  88 0002 53       		.byte	83
  89 0003 00       		.byte	0
  90 0004 54       		.byte	84
  91 0005 00       		.byte	0
  92 0006 4D       		.byte	77
  93 0007 00       		.byte	0
  94 0008 69       		.byte	105
  95 0009 00       		.byte	0
  96 000a 63       		.byte	99
  97 000b 00       		.byte	0
  98 000c 72       		.byte	114
  99 000d 00       		.byte	0
 100 000e 6F       		.byte	111
 101 000f 00       		.byte	0
 102 0010 65       		.byte	101
 103 0011 00       		.byte	0
 104 0012 6C       		.byte	108
 105 0013 00       		.byte	0
 106 0014 65       		.byte	101
 107 0015 00       		.byte	0
 108 0016 63       		.byte	99
 109 0017 00       		.byte	0
 110 0018 74       		.byte	116
 111 0019 00       		.byte	0
 112 001a 72       		.byte	114
 113 001b 00       		.byte	0
 114 001c 6F       		.byte	111
 115 001d 00       		.byte	0
 116 001e 6E       		.byte	110
 117 001f 00       		.byte	0
 118 0020 69       		.byte	105
 119 0021 00       		.byte	0
 120 0022 63       		.byte	99
 121 0023 00       		.byte	0
 122 0024 73       		.byte	115
 123 0025 00       		.byte	0
 124 0026 0000     		.section	.rodata.Virtual_Com_Port_DeviceDescriptor,"a",%progbits
 125              		.align	2
 128              	Virtual_Com_Port_DeviceDescriptor:
 129 0000 12       		.byte	18
 130 0001 01       		.byte	1
 131 0002 00       		.byte	0
 132 0003 02       		.byte	2
 133 0004 02       		.byte	2
 134 0005 00       		.byte	0
 135 0006 00       		.byte	0
 136 0007 40       		.byte	64
 137 0008 83       		.byte	-125
 138 0009 04       		.byte	4
 139 000a 40       		.byte	64
 140 000b 57       		.byte	87
 141 000c 00       		.byte	0
 142 000d 02       		.byte	2
 143 000e 01       		.byte	1
 144 000f 02       		.byte	2
 145 0010 03       		.byte	3
 146 0011 01       		.byte	1
 147 0012 0000     		.section	.rodata.Virtual_Com_Port_StringLangID,"a",%progbits
 148              		.align	2
 151              	Virtual_Com_Port_StringLangID:
 152 0000 04       		.byte	4
 153 0001 03       		.byte	3
 154 0002 09       		.byte	9
 155 0003 04       		.byte	4
 156              		.section	.rodata.Virtual_Com_Port_StringProduct,"a",%progbits
 157              		.align	2
 160              	Virtual_Com_Port_StringProduct:
 161 0000 32       		.byte	50
 162 0001 03       		.byte	3
 163 0002 53       		.byte	83
 164 0003 00       		.byte	0
 165 0004 54       		.byte	84
 166 0005 00       		.byte	0
 167 0006 4D       		.byte	77
 168 0007 00       		.byte	0
 169 0008 33       		.byte	51
 170 0009 00       		.byte	0
 171 000a 32       		.byte	50
 172 000b 00       		.byte	0
 173 000c 20       		.byte	32
 174 000d 00       		.byte	0
 175 000e 56       		.byte	86
 176 000f 00       		.byte	0
 177 0010 69       		.byte	105
 178 0011 00       		.byte	0
 179 0012 72       		.byte	114
 180 0013 00       		.byte	0
 181 0014 74       		.byte	116
 182 0015 00       		.byte	0
 183 0016 75       		.byte	117
 184 0017 00       		.byte	0
 185 0018 61       		.byte	97
 186 0019 00       		.byte	0
 187 001a 6C       		.byte	108
 188 001b 00       		.byte	0
 189 001c 20       		.byte	32
 190 001d 00       		.byte	0
 191 001e 43       		.byte	67
 192 001f 00       		.byte	0
 193 0020 4F       		.byte	79
 194 0021 00       		.byte	0
 195 0022 4D       		.byte	77
 196 0023 00       		.byte	0
 197 0024 20       		.byte	32
 198 0025 00       		.byte	0
 199 0026 50       		.byte	80
 200 0027 00       		.byte	0
 201 0028 6F       		.byte	111
 202 0029 00       		.byte	0
 203 002a 72       		.byte	114
 204 002b 00       		.byte	0
 205 002c 74       		.byte	116
 206 002d 00       		.byte	0
 207 002e 20       		.byte	32
 208 002f 00       		.byte	0
 209 0030 20       		.byte	32
 210 0031 00       		.byte	0
 211 0032 0000     		.section	.data.Virtual_Com_Port_StringSerial,"aw",%progbits
 212              		.align	2
 215              	Virtual_Com_Port_StringSerial:
 216 0000 1A       		.byte	26
 217 0001 03       		.byte	3
 218 0002 53       		.byte	83
 219 0003 00       		.byte	0
 220 0004 54       		.byte	84
 221 0005 00       		.byte	0
 222 0006 4D       		.byte	77
 223 0007 00       		.byte	0
 224 0008 33       		.byte	51
 225 0009 00       		.byte	0
 226 000a 32       		.byte	50
 227 000b 00       		.byte	0
 228 000c 00000000 		.space	14
 228      00000000 
 228      00000000 
 228      0000
 229 001a 0000     		.section	.rodata.Virtual_Com_Port_ConfigDescriptor,"a",%progbits
 230              		.align	2
 233              	Virtual_Com_Port_ConfigDescriptor:
 234 0000 09       		.byte	9
 235 0001 02       		.byte	2
 236 0002 43       		.byte	67
 237 0003 00       		.byte	0
 238 0004 02       		.byte	2
 239 0005 01       		.byte	1
 240 0006 00       		.byte	0
 241 0007 C0       		.byte	-64
 242 0008 32       		.byte	50
 243 0009 09       		.byte	9
 244 000a 04       		.byte	4
 245 000b 00       		.byte	0
 246 000c 00       		.byte	0
 247 000d 01       		.byte	1
 248 000e 02       		.byte	2
 249 000f 02       		.byte	2
 250 0010 01       		.byte	1
 251 0011 00       		.byte	0
 252 0012 05       		.byte	5
 253 0013 24       		.byte	36
 254 0014 00       		.byte	0
 255 0015 10       		.byte	16
 256 0016 01       		.byte	1
 257 0017 05       		.byte	5
 258 0018 24       		.byte	36
 259 0019 01       		.byte	1
 260 001a 00       		.byte	0
 261 001b 01       		.byte	1
 262 001c 04       		.byte	4
 263 001d 24       		.byte	36
 264 001e 02       		.byte	2
 265 001f 02       		.byte	2
 266 0020 05       		.byte	5
 267 0021 24       		.byte	36
 268 0022 06       		.byte	6
 269 0023 00       		.byte	0
 270 0024 01       		.byte	1
 271 0025 07       		.byte	7
 272 0026 05       		.byte	5
 273 0027 82       		.byte	-126
 274 0028 03       		.byte	3
 275 0029 08       		.byte	8
 276 002a 00       		.byte	0
 277 002b FF       		.byte	-1
 278 002c 09       		.byte	9
 279 002d 04       		.byte	4
 280 002e 01       		.byte	1
 281 002f 00       		.byte	0
 282 0030 02       		.byte	2
 283 0031 0A       		.byte	10
 284 0032 00       		.byte	0
 285 0033 00       		.byte	0
 286 0034 00       		.byte	0
 287 0035 07       		.byte	7
 288 0036 05       		.byte	5
 289 0037 03       		.byte	3
 290 0038 02       		.byte	2
 291 0039 40       		.byte	64
 292 003a 00       		.byte	0
 293 003b 00       		.byte	0
 294 003c 07       		.byte	7
 295 003d 05       		.byte	5
 296 003e 81       		.byte	-127
 297 003f 02       		.byte	2
 298 0040 40       		.byte	64
 299 0041 00       		.byte	0
 300 0042 00       		.byte	0
 301 0043 00       		.ident	"GCC: (GNU Tools for ARM Embedded Processors) 4.8.3 20131129 (release) [ARM/embedded-4_8-br
DEFINED SYMBOLS
                            *ABS*:00000000 usb_desc.c
C:\Users\Chris\AppData\Local\Temp\ccFMmXXz.s:215    .data.Virtual_Com_Port_StringSerial:00000000 Virtual_Com_Port_StringSerial
C:\Users\Chris\AppData\Local\Temp\ccFMmXXz.s:160    .rodata.Virtual_Com_Port_StringProduct:00000000 Virtual_Com_Port_StringProduct
C:\Users\Chris\AppData\Local\Temp\ccFMmXXz.s:85     .rodata.Virtual_Com_Port_StringVendor:00000000 Virtual_Com_Port_StringVendor
C:\Users\Chris\AppData\Local\Temp\ccFMmXXz.s:151    .rodata.Virtual_Com_Port_StringLangID:00000000 Virtual_Com_Port_StringLangID
C:\Users\Chris\AppData\Local\Temp\ccFMmXXz.s:233    .rodata.Virtual_Com_Port_ConfigDescriptor:00000000 Virtual_Com_Port_ConfigDescriptor
C:\Users\Chris\AppData\Local\Temp\ccFMmXXz.s:128    .rodata.Virtual_Com_Port_DeviceDescriptor:00000000 Virtual_Com_Port_DeviceDescriptor
C:\Users\Chris\AppData\Local\Temp\ccFMmXXz.s:82     .rodata.Virtual_Com_Port_StringVendor:00000000 $d
C:\Users\Chris\AppData\Local\Temp\ccFMmXXz.s:125    .rodata.Virtual_Com_Port_DeviceDescriptor:00000000 $d
C:\Users\Chris\AppData\Local\Temp\ccFMmXXz.s:148    .rodata.Virtual_Com_Port_StringLangID:00000000 $d
C:\Users\Chris\AppData\Local\Temp\ccFMmXXz.s:157    .rodata.Virtual_Com_Port_StringProduct:00000000 $d
C:\Users\Chris\AppData\Local\Temp\ccFMmXXz.s:212    .data.Virtual_Com_Port_StringSerial:00000000 $d
C:\Users\Chris\AppData\Local\Temp\ccFMmXXz.s:230    .rodata.Virtual_Com_Port_ConfigDescriptor:00000000 $d

NO UNDEFINED SYMBOLS
