   1              		.syntax unified
   2              		.cpu cortex-m3
   3              		.fpu softvfp
   4              		.eabi_attribute 20, 1	@ Tag_ABI_FP_denormal
   5              		.eabi_attribute 21, 1	@ Tag_ABI_FP_exceptions
   6              		.eabi_attribute 23, 3	@ Tag_ABI_FP_number_model
   7              		.eabi_attribute 24, 1	@ Tag_ABI_align8_needed
   8              		.eabi_attribute 25, 1	@ Tag_ABI_align8_preserved
   9              		.eabi_attribute 26, 1	@ Tag_ABI_enum_size
  10              		.eabi_attribute 30, 2	@ Tag_ABI_optimization_goals
  11              		.eabi_attribute 34, 1	@ Tag_CPU_unaligned_access
  12              		.eabi_attribute 18, 4	@ Tag_ABI_PCS_wchar_t
  13              		.file	"itoa.c"
  14              	@ GNU C (GNU Tools for ARM Embedded Processors) version 4.8.3 20131129 (release) [ARM/embedded-4_8-
  15              	@	compiled by GNU C version 4.2.1-sjlj (mingw32-2), GMP version 4.3.2, MPFR version 2.4.2, MPC vers
  16              	@ GGC heuristics: --param ggc-min-expand=100 --param ggc-min-heapsize=131072
  17              	@ options passed: 
  18              	@ -I C:\Program Files (x86)\GNU Tools ARM Embedded\4.8 2013q4/arm-none-eabi/include
  19              	@ -I C:\Program Files (x86)\GNU Tools ARM Embedded\4.8 2013q4/lib/gcc/arm-none-eabi/4.8.3/include
  20              	@ -I C:\Program Files (x86)\GNU Tools ARM Embedded\4.8 2013q4/lib/gcc/arm-none-eabi/4.8.3/include-f
  21              	@ -I C:\Users\Chris\workspace\Firmware-master\Libraries\CMSIS\Include
  22              	@ -I C:\Users\Chris\workspace\Firmware-master\Libraries\CMSIS\Device\ST\STM32F10x\Include
  23              	@ -I C:\Users\Chris\workspace\Firmware-master\Libraries\STM32_USB-FS-Device_Driver\inc
  24              	@ -I C:\Users\Chris\workspace\Firmware-master\Libraries\STM32F10x_StdPeriph_Driver\inc
  25              	@ -I C:\Users\Chris\workspace\Firmware-master\src
  26              	@ -I C:\Users\Chris\workspace\Firmware-master\src\VCP\inc
  27              	@ -imultilib armv7-m
  28              	@ -iprefix c:\program files (x86)\gnu tools arm embedded\4.8 2013q4\bin\../lib/gcc/arm-none-eabi/4.
  29              	@ -isysroot c:\program files (x86)\gnu tools arm embedded\4.8 2013q4\bin\../arm-none-eabi
  30              	@ -MMD src/sys/itoa.d -MF src/sys/itoa.d -MP -MT src/sys/itoa.d
  31              	@ -D__USES_INITFINI__ -D STM32F10X_HD -D USE_STDPERIPH_DRIVER
  32              	@ ../src/sys/itoa.c -mcpu=cortex-m3 -mthumb -auxbase-strip src/sys/itoa.o
  33              	@ -O2 -Wall -Wextra -Wstrict-prototypes -std=gnu99 -ffunction-sections
  34              	@ -fdata-sections -fsingle-precision-constant -fverbose-asm
  35              	@ options enabled:  -faggressive-loop-optimizations -fauto-inc-dec
  36              	@ -fbranch-count-reg -fcaller-saves -fcombine-stack-adjustments -fcommon
  37              	@ -fcompare-elim -fcprop-registers -fcrossjumping -fcse-follow-jumps
  38              	@ -fdata-sections -fdefer-pop -fdelete-null-pointer-checks -fdevirtualize
  39              	@ -fdwarf2-cfi-asm -fearly-inlining -feliminate-unused-debug-types
  40              	@ -fexpensive-optimizations -fforward-propagate -ffunction-cse
  41              	@ -ffunction-sections -fgcse -fgcse-lm -fgnu-runtime
  42              	@ -fguess-branch-probability -fhoist-adjacent-loads -fident -fif-conversion
  43              	@ -fif-conversion2 -findirect-inlining -finline -finline-atomics
  44              	@ -finline-functions-called-once -finline-small-functions -fipa-cp
  45              	@ -fipa-profile -fipa-pure-const -fipa-reference -fipa-sra
  46              	@ -fira-hoist-pressure -fira-share-save-slots -fira-share-spill-slots
  47              	@ -fivopts -fkeep-static-consts -fleading-underscore -fmath-errno
  48              	@ -fmerge-constants -fmerge-debug-strings -fmove-loop-invariants
  49              	@ -fomit-frame-pointer -foptimize-register-move -foptimize-sibling-calls
  50              	@ -foptimize-strlen -fpartial-inlining -fpeephole -fpeephole2
  51              	@ -fprefetch-loop-arrays -freg-struct-return -fregmove -freorder-blocks
  52              	@ -freorder-functions -frerun-cse-after-loop
  53              	@ -fsched-critical-path-heuristic -fsched-dep-count-heuristic
  54              	@ -fsched-group-heuristic -fsched-interblock -fsched-last-insn-heuristic
  55              	@ -fsched-pressure -fsched-rank-heuristic -fsched-spec
  56              	@ -fsched-spec-insn-heuristic -fsched-stalled-insns-dep -fschedule-insns
  57              	@ -fschedule-insns2 -fsection-anchors -fshow-column -fshrink-wrap
  58              	@ -fsigned-zeros -fsingle-precision-constant -fsplit-ivs-in-unroller
  59              	@ -fsplit-wide-types -fstrict-aliasing -fstrict-overflow
  60              	@ -fstrict-volatile-bitfields -fsync-libcalls -fthread-jumps
  61              	@ -ftoplevel-reorder -ftrapping-math -ftree-bit-ccp -ftree-builtin-call-dce
  62              	@ -ftree-ccp -ftree-ch -ftree-coalesce-vars -ftree-copy-prop
  63              	@ -ftree-copyrename -ftree-cselim -ftree-dce -ftree-dominator-opts
  64              	@ -ftree-dse -ftree-forwprop -ftree-fre -ftree-loop-if-convert
  65              	@ -ftree-loop-im -ftree-loop-ivcanon -ftree-loop-optimize
  66              	@ -ftree-parallelize-loops= -ftree-phiprop -ftree-pre -ftree-pta
  67              	@ -ftree-reassoc -ftree-scev-cprop -ftree-sink -ftree-slp-vectorize
  68              	@ -ftree-slsr -ftree-sra -ftree-switch-conversion -ftree-tail-merge
  69              	@ -ftree-ter -ftree-vect-loop-version -ftree-vrp -funit-at-a-time
  70              	@ -fverbose-asm -fzero-initialized-in-bss -mfix-cortex-m3-ldrd
  71              	@ -mlittle-endian -mpic-data-is-text-relative -msched-prolog -mthumb
  72              	@ -munaligned-access -mvectorize-with-neon-quad
  73              	
  74              		.section	.text.itoa,"ax",%progbits
  75              		.align	2
  76              		.global	itoa
  77              		.thumb
  78              		.thumb_func
  80              	itoa:
  81              		@ args = 0, pretend = 0, frame = 0
  82              		@ frame_needed = 0, uses_anonymous_args = 0
  83              		@ link register save eliminated.
  84 0000 931E     		subs	r3, r2, #2	@ D.4178, base,
  85 0002 0E2B     		cmp	r3, #14	@ D.4178,
  86 0004 F0B4     		push	{r4, r5, r6, r7}	@
  87 0006 26D8     		bhi	.L8	@,
  88 0008 0A2A     		cmp	r2, #10	@ base,
  89 000a 26D0     		beq	.L11	@,
  90 000c 4FF0000C 		mov	ip, #0	@ value,
  91              	.L3:
  92 0010 164F     		ldr	r7, .L14	@ tmp172,
  93 0012 0D46     		mov	r5, r1	@ buffer, buffer
  94 0014 01E0     		b	.L5	@
  95              	.L12:
  96 0016 2046     		mov	r0, r4	@ value, value
  97 0018 1D46     		mov	r5, r3	@ buffer, buffer
  98              	.L5:
  99 001a 90FBF2F4 		sdiv	r4, r0, r2	@ value, value, base
 100 001e 02FB1403 		mls	r3, r2, r4, r0	@ rem, base, value, value
 101 0022 FE5C     		ldrb	r6, [r7, r3]	@ zero_extendqisi2	@ tmp163, digits
 102 0024 2B46     		mov	r3, r5	@ buffer, buffer
 103 0026 03F8016B 		strb	r6, [r3], #1	@ tmp163, MEM[base: buffer_18, offset: 4294967295B]
 104 002a 002C     		cmp	r4, #0	@ value
 105 002c F3D1     		bne	.L12	@
 106 002e BCF1000F 		cmp	ip, #0	@ value,
 107 0032 17DB     		blt	.L13	@,
 108              	.L6:
 109 0034 5C1E     		subs	r4, r3, #1	@ end, buffer,
 110 0036 A142     		cmp	r1, r4	@ buffer, end
 111 0038 08D2     		bcs	.L2	@,
 112 003a 0A46     		mov	r2, r1	@ ivtmp.23, buffer
 113              	.L7:
 114 003c 2578     		ldrb	r5, [r4]	@ zero_extendqisi2	@ temp, MEM[base: _39, offset: 0B]
 115 003e 1678     		ldrb	r6, [r2]	@ zero_extendqisi2	@ D.4179, MEM[base: _40, offset: 0B]
 116 0040 04F80169 		strb	r6, [r4], #-1	@ D.4179, MEM[base: end_31, offset: 1B]
 117 0044 02F8015B 		strb	r5, [r2], #1	@ temp, MEM[base: buffer_34, offset: 4294967295B]
 118 0048 9442     		cmp	r4, r2	@ ivtmp.16, ivtmp.23
 119 004a F7D8     		bhi	.L7	@,
 120              	.L2:
 121 004c 0022     		movs	r2, #0	@ tmp169,
 122 004e 1A70     		strb	r2, [r3]	@ tmp169, *buffer_4
 123 0050 0846     		mov	r0, r1	@, buffer
 124 0052 F0BC     		pop	{r4, r5, r6, r7}	@
 125 0054 7047     		bx	lr	@
 126              	.L8:
 127 0056 0B46     		mov	r3, r1	@ buffer, buffer
 128 0058 F8E7     		b	.L2	@
 129              	.L11:
 130 005a 8446     		mov	ip, r0	@ value, value
 131 005c 0028     		cmp	r0, #0	@ value
 132 005e B8BF     		it	lt
 133 0060 4042     		rsblt	r0, r0, #0	@ value
 134 0062 D5E7     		b	.L3	@
 135              	.L13:
 136 0064 2D23     		movs	r3, #45	@ tmp165,
 137 0066 6B70     		strb	r3, [r5, #1]	@ tmp165, MEM[(char *)buffer_35 + 1B]
 138 0068 AB1C     		adds	r3, r5, #2	@ buffer, buffer,
 139 006a E3E7     		b	.L6	@
 140              	.L15:
 141              		.align	2
 142              	.L14:
 143 006c 00000000 		.word	.LANCHOR0
 145              		.section	.rodata.digits.4097,"a",%progbits
 146              		.align	2
 147              		.set	.LANCHOR0,. + 0
 150              	digits.4097:
 151 0000 30313233 		.ascii	"0123456789abcdef\000"
 151      34353637 
 151      38396162 
 151      63646566 
 151      00
 152 0011 000000   		.ident	"GCC: (GNU Tools for ARM Embedded Processors) 4.8.3 20131129 (release) [ARM/embedded-4_8-br
DEFINED SYMBOLS
                            *ABS*:00000000 itoa.c
C:\Users\Chris\AppData\Local\Temp\ccUSm7l5.s:75     .text.itoa:00000000 $t
C:\Users\Chris\AppData\Local\Temp\ccUSm7l5.s:80     .text.itoa:00000000 itoa
C:\Users\Chris\AppData\Local\Temp\ccUSm7l5.s:143    .text.itoa:0000006c $d
C:\Users\Chris\AppData\Local\Temp\ccUSm7l5.s:146    .rodata.digits.4097:00000000 $d
C:\Users\Chris\AppData\Local\Temp\ccUSm7l5.s:150    .rodata.digits.4097:00000000 digits.4097

NO UNDEFINED SYMBOLS
