   1              		.syntax unified
   2              		.cpu cortex-m3
   3              		.fpu softvfp
   4              		.eabi_attribute 20, 1	@ Tag_ABI_FP_denormal
   5              		.eabi_attribute 21, 1	@ Tag_ABI_FP_exceptions
   6              		.eabi_attribute 23, 3	@ Tag_ABI_FP_number_model
   7              		.eabi_attribute 24, 1	@ Tag_ABI_align8_needed
   8              		.eabi_attribute 25, 1	@ Tag_ABI_align8_preserved
   9              		.eabi_attribute 26, 1	@ Tag_ABI_enum_size
  10              		.eabi_attribute 30, 2	@ Tag_ABI_optimization_goals
  11              		.eabi_attribute 34, 1	@ Tag_CPU_unaligned_access
  12              		.eabi_attribute 18, 4	@ Tag_ABI_PCS_wchar_t
  13              		.file	"stm32f10x_wwdg.c"
  14              	@ GNU C (GNU Tools for ARM Embedded Processors) version 4.8.3 20131129 (release) [ARM/embedded-4_8-
  15              	@	compiled by GNU C version 4.2.1-sjlj (mingw32-2), GMP version 4.3.2, MPFR version 2.4.2, MPC vers
  16              	@ GGC heuristics: --param ggc-min-expand=100 --param ggc-min-heapsize=131072
  17              	@ options passed: 
  18              	@ -I C:\Program Files (x86)\GNU Tools ARM Embedded\4.8 2013q4/arm-none-eabi/include
  19              	@ -I C:\Program Files (x86)\GNU Tools ARM Embedded\4.8 2013q4/lib/gcc/arm-none-eabi/4.8.3/include
  20              	@ -I C:\Program Files (x86)\GNU Tools ARM Embedded\4.8 2013q4/lib/gcc/arm-none-eabi/4.8.3/include-f
  21              	@ -I C:\Users\Chris\workspace\Firmware-master\Libraries\CMSIS\Include
  22              	@ -I C:\Users\Chris\workspace\Firmware-master\Libraries\CMSIS\Device\ST\STM32F10x\Include
  23              	@ -I C:\Users\Chris\workspace\Firmware-master\Libraries\STM32_USB-FS-Device_Driver\inc
  24              	@ -I C:\Users\Chris\workspace\Firmware-master\Libraries\STM32F10x_StdPeriph_Driver\inc
  25              	@ -I C:\Users\Chris\workspace\Firmware-master\src
  26              	@ -I C:\Users\Chris\workspace\Firmware-master\src\VCP\inc
  27              	@ -imultilib armv7-m
  28              	@ -iprefix c:\program files (x86)\gnu tools arm embedded\4.8 2013q4\bin\../lib/gcc/arm-none-eabi/4.
  29              	@ -isysroot c:\program files (x86)\gnu tools arm embedded\4.8 2013q4\bin\../arm-none-eabi
  30              	@ -MMD Libraries/STM32F10x_StdPeriph_Driver/src/stm32f10x_wwdg.d
  31              	@ -MF Libraries/STM32F10x_StdPeriph_Driver/src/stm32f10x_wwdg.d -MP
  32              	@ -MT Libraries/STM32F10x_StdPeriph_Driver/src/stm32f10x_wwdg.d
  33              	@ -D__USES_INITFINI__ -D STM32F10X_HD -D USE_STDPERIPH_DRIVER
  34              	@ ../Libraries/STM32F10x_StdPeriph_Driver/src/stm32f10x_wwdg.c
  35              	@ -mcpu=cortex-m3 -mthumb
  36              	@ -auxbase-strip Libraries/STM32F10x_StdPeriph_Driver/src/stm32f10x_wwdg.o
  37              	@ -O2 -Wall -Wextra -Wstrict-prototypes -std=gnu99 -ffunction-sections
  38              	@ -fdata-sections -fsingle-precision-constant -fverbose-asm
  39              	@ options enabled:  -faggressive-loop-optimizations -fauto-inc-dec
  40              	@ -fbranch-count-reg -fcaller-saves -fcombine-stack-adjustments -fcommon
  41              	@ -fcompare-elim -fcprop-registers -fcrossjumping -fcse-follow-jumps
  42              	@ -fdata-sections -fdefer-pop -fdelete-null-pointer-checks -fdevirtualize
  43              	@ -fdwarf2-cfi-asm -fearly-inlining -feliminate-unused-debug-types
  44              	@ -fexpensive-optimizations -fforward-propagate -ffunction-cse
  45              	@ -ffunction-sections -fgcse -fgcse-lm -fgnu-runtime
  46              	@ -fguess-branch-probability -fhoist-adjacent-loads -fident -fif-conversion
  47              	@ -fif-conversion2 -findirect-inlining -finline -finline-atomics
  48              	@ -finline-functions-called-once -finline-small-functions -fipa-cp
  49              	@ -fipa-profile -fipa-pure-const -fipa-reference -fipa-sra
  50              	@ -fira-hoist-pressure -fira-share-save-slots -fira-share-spill-slots
  51              	@ -fivopts -fkeep-static-consts -fleading-underscore -fmath-errno
  52              	@ -fmerge-constants -fmerge-debug-strings -fmove-loop-invariants
  53              	@ -fomit-frame-pointer -foptimize-register-move -foptimize-sibling-calls
  54              	@ -foptimize-strlen -fpartial-inlining -fpeephole -fpeephole2
  55              	@ -fprefetch-loop-arrays -freg-struct-return -fregmove -freorder-blocks
  56              	@ -freorder-functions -frerun-cse-after-loop
  57              	@ -fsched-critical-path-heuristic -fsched-dep-count-heuristic
  58              	@ -fsched-group-heuristic -fsched-interblock -fsched-last-insn-heuristic
  59              	@ -fsched-pressure -fsched-rank-heuristic -fsched-spec
  60              	@ -fsched-spec-insn-heuristic -fsched-stalled-insns-dep -fschedule-insns
  61              	@ -fschedule-insns2 -fsection-anchors -fshow-column -fshrink-wrap
  62              	@ -fsigned-zeros -fsingle-precision-constant -fsplit-ivs-in-unroller
  63              	@ -fsplit-wide-types -fstrict-aliasing -fstrict-overflow
  64              	@ -fstrict-volatile-bitfields -fsync-libcalls -fthread-jumps
  65              	@ -ftoplevel-reorder -ftrapping-math -ftree-bit-ccp -ftree-builtin-call-dce
  66              	@ -ftree-ccp -ftree-ch -ftree-coalesce-vars -ftree-copy-prop
  67              	@ -ftree-copyrename -ftree-cselim -ftree-dce -ftree-dominator-opts
  68              	@ -ftree-dse -ftree-forwprop -ftree-fre -ftree-loop-if-convert
  69              	@ -ftree-loop-im -ftree-loop-ivcanon -ftree-loop-optimize
  70              	@ -ftree-parallelize-loops= -ftree-phiprop -ftree-pre -ftree-pta
  71              	@ -ftree-reassoc -ftree-scev-cprop -ftree-sink -ftree-slp-vectorize
  72              	@ -ftree-slsr -ftree-sra -ftree-switch-conversion -ftree-tail-merge
  73              	@ -ftree-ter -ftree-vect-loop-version -ftree-vrp -funit-at-a-time
  74              	@ -fverbose-asm -fzero-initialized-in-bss -mfix-cortex-m3-ldrd
  75              	@ -mlittle-endian -mpic-data-is-text-relative -msched-prolog -mthumb
  76              	@ -munaligned-access -mvectorize-with-neon-quad
  77              	
  78              		.section	.text.WWDG_DeInit,"ax",%progbits
  79              		.align	2
  80              		.global	WWDG_DeInit
  81              		.thumb
  82              		.thumb_func
  84              	WWDG_DeInit:
  85              		@ args = 0, pretend = 0, frame = 0
  86              		@ frame_needed = 0, uses_anonymous_args = 0
  87 0000 08B5     		push	{r3, lr}	@
  88 0002 4FF40060 		mov	r0, #2048	@,
  89 0006 0121     		movs	r1, #1	@,
  90 0008 FFF7FEFF 		bl	RCC_APB1PeriphResetCmd	@
  91 000c BDE80840 		pop	{r3, lr}	@
  92 0010 4FF40060 		mov	r0, #2048	@,
  93 0014 0021     		movs	r1, #0	@,
  94 0016 FFF7FEBF 		b	RCC_APB1PeriphResetCmd	@
  96 001a 00BF     		.section	.text.WWDG_SetPrescaler,"ax",%progbits
  97              		.align	2
  98              		.global	WWDG_SetPrescaler
  99              		.thumb
 100              		.thumb_func
 102              	WWDG_SetPrescaler:
 103              		@ args = 0, pretend = 0, frame = 0
 104              		@ frame_needed = 0, uses_anonymous_args = 0
 105              		@ link register save eliminated.
 106 0000 034B     		ldr	r3, .L3	@ tmp114,
 107 0002 5A68     		ldr	r2, [r3, #4]	@ D.6627, MEM[(struct WWDG_TypeDef *)1073753088B].CFR
 108 0004 22F4C072 		bic	r2, r2, #384	@ tmpreg, D.6627,
 109 0008 1043     		orrs	r0, r0, r2	@, tmpreg, WWDG_Prescaler, tmpreg
 110 000a 5860     		str	r0, [r3, #4]	@ tmpreg, MEM[(struct WWDG_TypeDef *)1073753088B].CFR
 111 000c 7047     		bx	lr	@
 112              	.L4:
 113 000e 00BF     		.align	2
 114              	.L3:
 115 0010 002C0040 		.word	1073753088
 117              		.section	.text.WWDG_SetWindowValue,"ax",%progbits
 118              		.align	2
 119              		.global	WWDG_SetWindowValue
 120              		.thumb
 121              		.thumb_func
 123              	WWDG_SetWindowValue:
 124              		@ args = 0, pretend = 0, frame = 8
 125              		@ frame_needed = 0, uses_anonymous_args = 0
 126              		@ link register save eliminated.
 127 0000 82B0     		sub	sp, sp, #8	@,,
 128 0002 084B     		ldr	r3, .L6	@ tmp119,
 129 0004 0022     		movs	r2, #0	@ tmp118,
 130 0006 0192     		str	r2, [sp, #4]	@ tmp118, tmpreg
 131 0008 5A68     		ldr	r2, [r3, #4]	@ D.6631, MEM[(struct WWDG_TypeDef *)1073753088B].CFR
 132 000a 00F07F00 		and	r0, r0, #127	@ D.6631, WindowValue,
 133 000e 22F07F02 		bic	r2, r2, #127	@ tmpreg.0, D.6631,
 134 0012 0192     		str	r2, [sp, #4]	@ tmpreg.0, tmpreg
 135 0014 019A     		ldr	r2, [sp, #4]	@ tmpreg.1, tmpreg
 136 0016 1043     		orrs	r0, r0, r2	@, tmpreg.2, D.6631, tmpreg.1
 137 0018 0190     		str	r0, [sp, #4]	@ tmpreg.2, tmpreg
 138 001a 019A     		ldr	r2, [sp, #4]	@ tmpreg.3, tmpreg
 139 001c 5A60     		str	r2, [r3, #4]	@ tmpreg.3, MEM[(struct WWDG_TypeDef *)1073753088B].CFR
 140 001e 02B0     		add	sp, sp, #8	@,,
 141              		@ sp needed	@
 142 0020 7047     		bx	lr	@
 143              	.L7:
 144 0022 00BF     		.align	2
 145              	.L6:
 146 0024 002C0040 		.word	1073753088
 148              		.section	.text.WWDG_EnableIT,"ax",%progbits
 149              		.align	2
 150              		.global	WWDG_EnableIT
 151              		.thumb
 152              		.thumb_func
 154              	WWDG_EnableIT:
 155              		@ args = 0, pretend = 0, frame = 0
 156              		@ frame_needed = 0, uses_anonymous_args = 0
 157              		@ link register save eliminated.
 158 0000 014B     		ldr	r3, .L9	@ tmp110,
 159 0002 0122     		movs	r2, #1	@ tmp111,
 160 0004 1A60     		str	r2, [r3]	@ tmp111, MEM[(volatile uint32_t *)1107656868B]
 161 0006 7047     		bx	lr	@
 162              	.L10:
 163              		.align	2
 164              	.L9:
 165 0008 A4800542 		.word	1107656868
 167              		.section	.text.WWDG_SetCounter,"ax",%progbits
 168              		.align	2
 169              		.global	WWDG_SetCounter
 170              		.thumb
 171              		.thumb_func
 173              	WWDG_SetCounter:
 174              		@ args = 0, pretend = 0, frame = 0
 175              		@ frame_needed = 0, uses_anonymous_args = 0
 176              		@ link register save eliminated.
 177 0000 024B     		ldr	r3, .L12	@ tmp114,
 178 0002 00F07F00 		and	r0, r0, #127	@ D.6637, Counter,
 179 0006 1860     		str	r0, [r3]	@ D.6637, MEM[(struct WWDG_TypeDef *)1073753088B].CR
 180 0008 7047     		bx	lr	@
 181              	.L13:
 182 000a 00BF     		.align	2
 183              	.L12:
 184 000c 002C0040 		.word	1073753088
 186              		.section	.text.WWDG_Enable,"ax",%progbits
 187              		.align	2
 188              		.global	WWDG_Enable
 189              		.thumb
 190              		.thumb_func
 192              	WWDG_Enable:
 193              		@ args = 0, pretend = 0, frame = 0
 194              		@ frame_needed = 0, uses_anonymous_args = 0
 195              		@ link register save eliminated.
 196 0000 024B     		ldr	r3, .L15	@ tmp114,
 197 0002 40F08000 		orr	r0, r0, #128	@ D.6641, Counter,
 198 0006 1860     		str	r0, [r3]	@ D.6641, MEM[(struct WWDG_TypeDef *)1073753088B].CR
 199 0008 7047     		bx	lr	@
 200              	.L16:
 201 000a 00BF     		.align	2
 202              	.L15:
 203 000c 002C0040 		.word	1073753088
 205              		.section	.text.WWDG_GetFlagStatus,"ax",%progbits
 206              		.align	2
 207              		.global	WWDG_GetFlagStatus
 208              		.thumb
 209              		.thumb_func
 211              	WWDG_GetFlagStatus:
 212              		@ args = 0, pretend = 0, frame = 0
 213              		@ frame_needed = 0, uses_anonymous_args = 0
 214              		@ link register save eliminated.
 215 0000 014B     		ldr	r3, .L18	@ tmp113,
 216 0002 9868     		ldr	r0, [r3, #8]	@ D.6644, MEM[(struct WWDG_TypeDef *)1073753088B].SR
 217 0004 C0B2     		uxtb	r0, r0	@, D.6644
 218 0006 7047     		bx	lr	@
 219              	.L19:
 220              		.align	2
 221              	.L18:
 222 0008 002C0040 		.word	1073753088
 224              		.section	.text.WWDG_ClearFlag,"ax",%progbits
 225              		.align	2
 226              		.global	WWDG_ClearFlag
 227              		.thumb
 228              		.thumb_func
 230              	WWDG_ClearFlag:
 231              		@ args = 0, pretend = 0, frame = 0
 232              		@ frame_needed = 0, uses_anonymous_args = 0
 233              		@ link register save eliminated.
 234 0000 014B     		ldr	r3, .L21	@ tmp110,
 235 0002 0022     		movs	r2, #0	@ tmp111,
 236 0004 9A60     		str	r2, [r3, #8]	@ tmp111, MEM[(struct WWDG_TypeDef *)1073753088B].SR
 237 0006 7047     		bx	lr	@
 238              	.L22:
 239              		.align	2
 240              	.L21:
 241 0008 002C0040 		.word	1073753088
 243              		.ident	"GCC: (GNU Tools for ARM Embedded Processors) 4.8.3 20131129 (release) [ARM/embedded-4_8-br
DEFINED SYMBOLS
                            *ABS*:00000000 stm32f10x_wwdg.c
C:\Users\Chris\AppData\Local\Temp\cczwRfhy.s:79     .text.WWDG_DeInit:00000000 $t
C:\Users\Chris\AppData\Local\Temp\cczwRfhy.s:84     .text.WWDG_DeInit:00000000 WWDG_DeInit
C:\Users\Chris\AppData\Local\Temp\cczwRfhy.s:97     .text.WWDG_SetPrescaler:00000000 $t
C:\Users\Chris\AppData\Local\Temp\cczwRfhy.s:102    .text.WWDG_SetPrescaler:00000000 WWDG_SetPrescaler
C:\Users\Chris\AppData\Local\Temp\cczwRfhy.s:115    .text.WWDG_SetPrescaler:00000010 $d
C:\Users\Chris\AppData\Local\Temp\cczwRfhy.s:118    .text.WWDG_SetWindowValue:00000000 $t
C:\Users\Chris\AppData\Local\Temp\cczwRfhy.s:123    .text.WWDG_SetWindowValue:00000000 WWDG_SetWindowValue
C:\Users\Chris\AppData\Local\Temp\cczwRfhy.s:146    .text.WWDG_SetWindowValue:00000024 $d
C:\Users\Chris\AppData\Local\Temp\cczwRfhy.s:149    .text.WWDG_EnableIT:00000000 $t
C:\Users\Chris\AppData\Local\Temp\cczwRfhy.s:154    .text.WWDG_EnableIT:00000000 WWDG_EnableIT
C:\Users\Chris\AppData\Local\Temp\cczwRfhy.s:165    .text.WWDG_EnableIT:00000008 $d
C:\Users\Chris\AppData\Local\Temp\cczwRfhy.s:168    .text.WWDG_SetCounter:00000000 $t
C:\Users\Chris\AppData\Local\Temp\cczwRfhy.s:173    .text.WWDG_SetCounter:00000000 WWDG_SetCounter
C:\Users\Chris\AppData\Local\Temp\cczwRfhy.s:184    .text.WWDG_SetCounter:0000000c $d
C:\Users\Chris\AppData\Local\Temp\cczwRfhy.s:187    .text.WWDG_Enable:00000000 $t
C:\Users\Chris\AppData\Local\Temp\cczwRfhy.s:192    .text.WWDG_Enable:00000000 WWDG_Enable
C:\Users\Chris\AppData\Local\Temp\cczwRfhy.s:203    .text.WWDG_Enable:0000000c $d
C:\Users\Chris\AppData\Local\Temp\cczwRfhy.s:206    .text.WWDG_GetFlagStatus:00000000 $t
C:\Users\Chris\AppData\Local\Temp\cczwRfhy.s:211    .text.WWDG_GetFlagStatus:00000000 WWDG_GetFlagStatus
C:\Users\Chris\AppData\Local\Temp\cczwRfhy.s:222    .text.WWDG_GetFlagStatus:00000008 $d
C:\Users\Chris\AppData\Local\Temp\cczwRfhy.s:225    .text.WWDG_ClearFlag:00000000 $t
C:\Users\Chris\AppData\Local\Temp\cczwRfhy.s:230    .text.WWDG_ClearFlag:00000000 WWDG_ClearFlag
C:\Users\Chris\AppData\Local\Temp\cczwRfhy.s:241    .text.WWDG_ClearFlag:00000008 $d

UNDEFINED SYMBOLS
RCC_APB1PeriphResetCmd
