   1              		.syntax unified
   2              		.cpu cortex-m3
   3              		.fpu softvfp
   4              		.eabi_attribute 20, 1	@ Tag_ABI_FP_denormal
   5              		.eabi_attribute 21, 1	@ Tag_ABI_FP_exceptions
   6              		.eabi_attribute 23, 3	@ Tag_ABI_FP_number_model
   7              		.eabi_attribute 24, 1	@ Tag_ABI_align8_needed
   8              		.eabi_attribute 25, 1	@ Tag_ABI_align8_preserved
   9              		.eabi_attribute 26, 1	@ Tag_ABI_enum_size
  10              		.eabi_attribute 30, 2	@ Tag_ABI_optimization_goals
  11              		.eabi_attribute 34, 1	@ Tag_CPU_unaligned_access
  12              		.eabi_attribute 18, 4	@ Tag_ABI_PCS_wchar_t
  13              		.file	"usb_init.c"
  14              	@ GNU C (GNU Tools for ARM Embedded Processors) version 4.8.3 20131129 (release) [ARM/embedded-4_8-
  15              	@	compiled by GNU C version 4.2.1-sjlj (mingw32-2), GMP version 4.3.2, MPFR version 2.4.2, MPC vers
  16              	@ GGC heuristics: --param ggc-min-expand=100 --param ggc-min-heapsize=131072
  17              	@ options passed: 
  18              	@ -I C:\Program Files (x86)\GNU Tools ARM Embedded\4.8 2013q4/arm-none-eabi/include
  19              	@ -I C:\Program Files (x86)\GNU Tools ARM Embedded\4.8 2013q4/lib/gcc/arm-none-eabi/4.8.3/include
  20              	@ -I C:\Program Files (x86)\GNU Tools ARM Embedded\4.8 2013q4/lib/gcc/arm-none-eabi/4.8.3/include-f
  21              	@ -I C:\Users\Chris\workspace\Firmware-master\Libraries\CMSIS\Include
  22              	@ -I C:\Users\Chris\workspace\Firmware-master\Libraries\CMSIS\Device\ST\STM32F10x\Include
  23              	@ -I C:\Users\Chris\workspace\Firmware-master\Libraries\STM32_USB-FS-Device_Driver\inc
  24              	@ -I C:\Users\Chris\workspace\Firmware-master\Libraries\STM32F10x_StdPeriph_Driver\inc
  25              	@ -I C:\Users\Chris\workspace\Firmware-master\src
  26              	@ -I C:\Users\Chris\workspace\Firmware-master\src\VCP\inc
  27              	@ -imultilib armv7-m
  28              	@ -iprefix c:\program files (x86)\gnu tools arm embedded\4.8 2013q4\bin\../lib/gcc/arm-none-eabi/4.
  29              	@ -isysroot c:\program files (x86)\gnu tools arm embedded\4.8 2013q4\bin\../arm-none-eabi
  30              	@ -MMD Libraries/STM32_USB-FS-Device_Driver/src/usb_init.d
  31              	@ -MF Libraries/STM32_USB-FS-Device_Driver/src/usb_init.d -MP
  32              	@ -MT Libraries/STM32_USB-FS-Device_Driver/src/usb_init.d
  33              	@ -D__USES_INITFINI__ -D STM32F10X_HD -D USE_STDPERIPH_DRIVER
  34              	@ ../Libraries/STM32_USB-FS-Device_Driver/src/usb_init.c -mcpu=cortex-m3
  35              	@ -mthumb
  36              	@ -auxbase-strip Libraries/STM32_USB-FS-Device_Driver/src/usb_init.o -O2
  37              	@ -Wall -Wextra -Wstrict-prototypes -std=gnu99 -ffunction-sections
  38              	@ -fdata-sections -fsingle-precision-constant -fverbose-asm
  39              	@ options enabled:  -faggressive-loop-optimizations -fauto-inc-dec
  40              	@ -fbranch-count-reg -fcaller-saves -fcombine-stack-adjustments -fcommon
  41              	@ -fcompare-elim -fcprop-registers -fcrossjumping -fcse-follow-jumps
  42              	@ -fdata-sections -fdefer-pop -fdelete-null-pointer-checks -fdevirtualize
  43              	@ -fdwarf2-cfi-asm -fearly-inlining -feliminate-unused-debug-types
  44              	@ -fexpensive-optimizations -fforward-propagate -ffunction-cse
  45              	@ -ffunction-sections -fgcse -fgcse-lm -fgnu-runtime
  46              	@ -fguess-branch-probability -fhoist-adjacent-loads -fident -fif-conversion
  47              	@ -fif-conversion2 -findirect-inlining -finline -finline-atomics
  48              	@ -finline-functions-called-once -finline-small-functions -fipa-cp
  49              	@ -fipa-profile -fipa-pure-const -fipa-reference -fipa-sra
  50              	@ -fira-hoist-pressure -fira-share-save-slots -fira-share-spill-slots
  51              	@ -fivopts -fkeep-static-consts -fleading-underscore -fmath-errno
  52              	@ -fmerge-constants -fmerge-debug-strings -fmove-loop-invariants
  53              	@ -fomit-frame-pointer -foptimize-register-move -foptimize-sibling-calls
  54              	@ -foptimize-strlen -fpartial-inlining -fpeephole -fpeephole2
  55              	@ -fprefetch-loop-arrays -freg-struct-return -fregmove -freorder-blocks
  56              	@ -freorder-functions -frerun-cse-after-loop
  57              	@ -fsched-critical-path-heuristic -fsched-dep-count-heuristic
  58              	@ -fsched-group-heuristic -fsched-interblock -fsched-last-insn-heuristic
  59              	@ -fsched-pressure -fsched-rank-heuristic -fsched-spec
  60              	@ -fsched-spec-insn-heuristic -fsched-stalled-insns-dep -fschedule-insns
  61              	@ -fschedule-insns2 -fsection-anchors -fshow-column -fshrink-wrap
  62              	@ -fsigned-zeros -fsingle-precision-constant -fsplit-ivs-in-unroller
  63              	@ -fsplit-wide-types -fstrict-aliasing -fstrict-overflow
  64              	@ -fstrict-volatile-bitfields -fsync-libcalls -fthread-jumps
  65              	@ -ftoplevel-reorder -ftrapping-math -ftree-bit-ccp -ftree-builtin-call-dce
  66              	@ -ftree-ccp -ftree-ch -ftree-coalesce-vars -ftree-copy-prop
  67              	@ -ftree-copyrename -ftree-cselim -ftree-dce -ftree-dominator-opts
  68              	@ -ftree-dse -ftree-forwprop -ftree-fre -ftree-loop-if-convert
  69              	@ -ftree-loop-im -ftree-loop-ivcanon -ftree-loop-optimize
  70              	@ -ftree-parallelize-loops= -ftree-phiprop -ftree-pre -ftree-pta
  71              	@ -ftree-reassoc -ftree-scev-cprop -ftree-sink -ftree-slp-vectorize
  72              	@ -ftree-slsr -ftree-sra -ftree-switch-conversion -ftree-tail-merge
  73              	@ -ftree-ter -ftree-vect-loop-version -ftree-vrp -funit-at-a-time
  74              	@ -fverbose-asm -fzero-initialized-in-bss -mfix-cortex-m3-ldrd
  75              	@ -mlittle-endian -mpic-data-is-text-relative -msched-prolog -mthumb
  76              	@ -munaligned-access -mvectorize-with-neon-quad
  77              	
  78              		.section	.text.USB_Init,"ax",%progbits
  79              		.align	2
  80              		.global	USB_Init
  81              		.thumb
  82              		.thumb_func
  84              	USB_Init:
  85              		@ args = 0, pretend = 0, frame = 0
  86              		@ frame_needed = 0, uses_anonymous_args = 0
  87 0000 70B5     		push	{r4, r5, r6, lr}	@
  88 0002 074A     		ldr	r2, .L2	@ tmp112,
  89 0004 074E     		ldr	r6, .L2+4	@ tmp111,
  90 0006 084C     		ldr	r4, .L2+8	@ tmp116,
  91 0008 084B     		ldr	r3, .L2+12	@ tmp117,
  92 000a 0949     		ldr	r1, .L2+16	@ tmp118,
  93 000c 0948     		ldr	r0, .L2+20	@ tmp119,
  94 000e 0225     		movs	r5, #2	@ tmp114,
  95 0010 2360     		str	r3, [r4]	@ tmp117, pProperty
  96 0012 3260     		str	r2, [r6]	@ tmp112, pInformation
  97 0014 1572     		strb	r5, [r2, #8]	@ tmp114, Device_Info.ControlState
  98 0016 1B68     		ldr	r3, [r3]	@ Device_Property.Init, Device_Property.Init
  99 0018 0860     		str	r0, [r1]	@ tmp119, pUser_Standard_Requests
 100 001a 9847     		blx	r3	@ Device_Property.Init
 101 001c 70BD     		pop	{r4, r5, r6, pc}	@
 102              	.L3:
 103 001e 00BF     		.align	2
 104              	.L2:
 105 0020 00000000 		.word	Device_Info
 106 0024 00000000 		.word	pInformation
 107 0028 00000000 		.word	pProperty
 108 002c 00000000 		.word	Device_Property
 109 0030 00000000 		.word	pUser_Standard_Requests
 110 0034 00000000 		.word	User_Standard_Requests
 112              		.comm	pUser_Standard_Requests,4,4
 113              		.comm	Device_Info,28,4
 114              		.comm	wInterrupt_Mask,2,2
 115              		.comm	SaveState,2,2
 116              		.comm	pProperty,4,4
 117              		.comm	pInformation,4,4
 118              		.comm	EPindex,1,1
 119              		.ident	"GCC: (GNU Tools for ARM Embedded Processors) 4.8.3 20131129 (release) [ARM/embedded-4_8-br
DEFINED SYMBOLS
                            *ABS*:00000000 usb_init.c
C:\Users\Chris\AppData\Local\Temp\ccZG6UFk.s:79     .text.USB_Init:00000000 $t
C:\Users\Chris\AppData\Local\Temp\ccZG6UFk.s:84     .text.USB_Init:00000000 USB_Init
C:\Users\Chris\AppData\Local\Temp\ccZG6UFk.s:105    .text.USB_Init:00000020 $d
                            *COM*:0000001c Device_Info
                            *COM*:00000004 pInformation
                            *COM*:00000004 pProperty
                            *COM*:00000004 pUser_Standard_Requests
                            *COM*:00000002 wInterrupt_Mask
                            *COM*:00000002 SaveState
                            *COM*:00000001 EPindex

UNDEFINED SYMBOLS
Device_Property
User_Standard_Requests
