#
# A fatal error has been detected by the Java Runtime Environment:
#
#  EXCEPTION_ACCESS_VIOLATION (0xc0000005) at pc=0x6f697461, pid=3264, tid=2212
#
# JRE version: 7.0_09-b05
# Java VM: Java HotSpot(TM) Client VM (23.5-b02 mixed mode, sharing windows-x86 )
# Problematic frame:
# C  0x6f697461
#
# Failed to write core dump. Minidumps are not enabled by default on client versions of Windows
#
# If you would like to submit a bug report, please visit:
#   http://bugreport.sun.com/bugreport/crash.jsp
# The crash happened outside the Java Virtual Machine in native code.
# See problematic frame for where to report the bug.
#

---------------  T H R E A D  ---------------

Current thread (0x06a59800):  JavaThread "Thread-3" [_thread_in_native, id=2212, stack(0x050b0000,0x05100000)]

siginfo: ExceptionCode=0xc0000005, ExceptionInformation=0x00000008 0x6f697461

Registers:
EAX=0x6120726f, EBX=0x65b09170, ECX=0x75ef3f9f, EDX=0x6120726f
ESP=0x050ff2c0, EBP=0x63696c70, ESI=0x345b1f08, EDI=0x06a59800
EIP=0x6f697461, EFLAGS=0x00010212

Top of Stack: (sp=0x050ff2c0)
0x050ff2c0:   6572206e 73657571 0a0d2e74 0000000a
0x050ff2d0:   1eff0000 771df8c1 75e76ed2 00000388
0x050ff2e0:   00000294 00000000 771df992 75eeb75d
0x050ff2f0:   00000294 00000000 050ff318 75e76f10
0x050ff300:   00000294 06a59800 345b1f08 65b09170
0x050ff310:   00000000 00000004 050ff598 10005169
0x050ff320:   00000388 050ff594 050ff364 025a3845
0x050ff330:   00000000 00000000 29c24cc8 244e6e08 

Instructions: (pc=0x6f697461)
0x6f697441:   
[error occurred during error reporting (printing registers, top of stack, instructions near pc), id 0xc0000005]

Register to memory mapping:

EAX=0x6120726f is an unknown value
EBX=0x65b09170 is an unknown value
ECX=0x75ef3f9f is an unknown value
EDX=0x6120726f is an unknown value
ESP=0x050ff2c0 is pointing into the stack for thread: 0x06a59800
EBP=0x63696c70 is an unknown value
ESI=0x345b1f08 is an oop
{method} 
 - klass: {other class}
EDI=0x06a59800 is a thread


Stack: [0x050b0000,0x05100000],  sp=0x050ff2c0,  free space=316k
Native frames: (J=compiled Java code, j=interpreted, Vv=VM code, C=native code)
C  0x6f697461

[error occurred during error reporting (printing native stack), id 0xc0000005]

Java frames: (J=compiled Java code, j=interpreted, Vv=VM code)
j  gnu.io.RXTXPort.eventLoop()V+0
j  gnu.io.RXTXPort$MonitorThread.run()V+12
v  ~StubRoutines::call_stub

---------------  P R O C E S S  ---------------

Java Threads: ( => current thread )
=>0x06a59800 JavaThread "Thread-3" [_thread_in_native, id=2212, stack(0x050b0000,0x05100000)]
  0x007db000 JavaThread "DestroyJavaVM" [_thread_blocked, id=5040, stack(0x00b50000,0x00ba0000)]
  0x04b54000 JavaThread "Animation Thread" [_thread_blocked, id=736, stack(0x06760000,0x067b0000)]
  0x04ad9400 JavaThread "AWT-EventQueue-0" [_thread_blocked, id=3916, stack(0x04fa0000,0x04ff0000)]
  0x04ac1000 JavaThread "AWT-Windows" daemon [_thread_in_native, id=3576, stack(0x04cb0000,0x04d00000)]
  0x04ac0800 JavaThread "AWT-Shutdown" [_thread_blocked, id=2828, stack(0x04d20000,0x04d70000)]
  0x04ab9800 JavaThread "Java2D Disposer" daemon [_thread_blocked, id=3836, stack(0x04750000,0x047a0000)]
  0x00db3800 JavaThread "Service Thread" daemon [_thread_blocked, id=2592, stack(0x01030000,0x01080000)]
  0x00da0800 JavaThread "C1 CompilerThread0" daemon [_thread_blocked, id=3000, stack(0x010f0000,0x01140000)]
  0x00d9f000 JavaThread "Attach Listener" daemon [_thread_blocked, id=3780, stack(0x047a0000,0x047f0000)]
  0x00d9c000 JavaThread "Signal Dispatcher" daemon [_thread_blocked, id=2712, stack(0x04690000,0x046e0000)]
  0x00d83c00 JavaThread "Finalizer" daemon [_thread_blocked, id=4876, stack(0x01090000,0x010e0000)]
  0x00d82000 JavaThread "Reference Handler" daemon [_thread_blocked, id=2736, stack(0x00fc0000,0x01010000)]

Other Threads:
  0x00d80800 VMThread [stack: 0x00be0000,0x00c30000] [id=1476]
  0x00dc8c00 WatcherThread [stack: 0x04900000,0x04950000] [id=4516]

VM state:not at safepoint (normal execution)

VM Mutex/Monitor currently owned by a thread: None

Heap
 def new generation   total 4928K, used 4055K [0x243d0000, 0x24920000, 0x29920000)
  eden space 4416K,  91% used [0x243d0000, 0x247c5a70, 0x24820000)
  from space 512K,   0% used [0x248a0000, 0x248a0310, 0x24920000)
  to   space 512K,   0% used [0x24820000, 0x24820000, 0x248a0000)
 tenured generation   total 10944K, used 3169K [0x29920000, 0x2a3d0000, 0x343d0000)
   the space 10944K,  28% used [0x29920000, 0x29c38698, 0x29c38800, 0x2a3d0000)
 compacting perm gen  total 12288K, used 2158K [0x343d0000, 0x34fd0000, 0x383d0000)
   the space 12288K,  17% used [0x343d0000, 0x345eba70, 0x345ebc00, 0x34fd0000)
    ro space 10240K,  42% used [0x383d0000, 0x38810348, 0x38810400, 0x38dd0000)
    rw space 12288K,  54% used [0x38dd0000, 0x394506f0, 0x39450800, 0x399d0000)

Card table byte_map: [0x00dd0000,0x00e80000] byte_map_base: 0x00cae180

Polling page: 0x000c0000

Code Cache  [0x025a0000, 0x02740000, 0x045a0000)
 total_blobs=1021 nmethods=771 adapters=184 free_code_cache=31115Kb largest_free_block=31862528

Compilation events (10 events):
Event: 139.442 Thread 0x00da0800  766             java.lang.ThreadLocal::access$400 (5 bytes)
Event: 139.442 Thread 0x00da0800 nmethod 766 0x0273a488 code [0x0273a580, 0x0273a5f0]
Event: 139.692 Thread 0x00da0800  767             java.lang.ThreadLocal::get (34 bytes)
Event: 139.692 Thread 0x00da0800 nmethod 767 0x0273a648 code [0x0273a760, 0x0273a858]
Event: 139.810 Thread 0x00da0800  768   !         java.awt.Container::findComponentAt (42 bytes)
Event: 139.811 Thread 0x00da0800 nmethod 768 0x0273a988 code [0x0273aab0, 0x0273ad58]
Event: 139.811 Thread 0x00da0800  769             java.awt.Container::findComponentAtImpl (315 bytes)
Event: 139.812 Thread 0x00da0800 nmethod 769 0x0273ae88 code [0x0273b050, 0x0273b638]
Event: 239.953 Thread 0x00da0800    2 % !         processing.core.PApplet::run @ 24 (305 bytes)
Event: 239.956 Thread 0x00da0800 nmethod 2% 0x0273ba88 code [0x0273bc80, 0x0273c644]

GC Heap History (10 events):
Event: 3405.673 GC heap before
{Heap before GC invocations=1166 (full 0):
 def new generation   total 4928K, used 4416K [0x243d0000, 0x24920000, 0x29920000)
  eden space 4416K, 100% used [0x243d0000, 0x24820000, 0x24820000)
  from space 512K,   0% used [0x24820000, 0x248202a8, 0x248a0000)
  to   space 512K,   0% used [0x248a0000, 0x248a0000, 0x24920000)
 tenured generation   total 10944K, used 3169K [0x29920000, 0x2a3d0000, 0x343d0000)
   the space 10944K,  28% used [0x29920000, 0x29c38698, 0x29c38800, 0x2a3d0000)
 compacting perm gen  total 12288K, used 2158K [0x343d0000, 0x34fd0000, 0x383d0000)
   the space 12288K,  17% used [0x343d0000, 0x345eba70, 0x345ebc00, 0x34fd0000)
    ro space 10240K,  42% used [0x383d0000, 0x38810348, 0x38810400, 0x38dd0000)
    rw space 12288K,  54% used [0x38dd0000, 0x394506f0, 0x39450800, 0x399d0000)
Event: 3405.674 GC heap after
Heap after GC invocations=1167 (full 0):
 def new generation   total 4928K, used 0K [0x243d0000, 0x24920000, 0x29920000)
  eden space 4416K,   0% used [0x243d0000, 0x243d0000, 0x24820000)
  from space 512K,   0% used [0x248a0000, 0x248a02e8, 0x24920000)
  to   space 512K,   0% used [0x24820000, 0x24820000, 0x248a0000)
 tenured generation   total 10944K, used 3169K [0x29920000, 0x2a3d0000, 0x343d0000)
   the space 10944K,  28% used [0x29920000, 0x29c38698, 0x29c38800, 0x2a3d0000)
 compacting perm gen  total 12288K, used 2158K [0x343d0000, 0x34fd0000, 0x383d0000)
   the space 12288K,  17% used [0x343d0000, 0x345eba70, 0x345ebc00, 0x34fd0000)
    ro space 10240K,  42% used [0x383d0000, 0x38810348, 0x38810400, 0x38dd0000)
    rw space 12288K,  54% used [0x38dd0000, 0x394506f0, 0x39450800, 0x399d0000)
}
Event: 3408.623 GC heap before
{Heap before GC invocations=1167 (full 0):
 def new generation   total 4928K, used 4416K [0x243d0000, 0x24920000, 0x29920000)
  eden space 4416K, 100% used [0x243d0000, 0x24820000, 0x24820000)
  from space 512K,   0% used [0x248a0000, 0x248a02e8, 0x24920000)
  to   space 512K,   0% used [0x24820000, 0x24820000, 0x248a0000)
 tenured generation   total 10944K, used 3169K [0x29920000, 0x2a3d0000, 0x343d0000)
   the space 10944K,  28% used [0x29920000, 0x29c38698, 0x29c38800, 0x2a3d0000)
 compacting perm gen  total 12288K, used 2158K [0x343d0000, 0x34fd0000, 0x383d0000)
   the space 12288K,  17% used [0x343d0000, 0x345eba70, 0x345ebc00, 0x34fd0000)
    ro space 10240K,  42% used [0x383d0000, 0x38810348, 0x38810400, 0x38dd0000)
    rw space 12288K,  54% used [0x38dd0000, 0x394506f0, 0x39450800, 0x399d0000)
Event: 3408.624 GC heap after
Heap after GC invocations=1168 (full 0):
 def new generation   total 4928K, used 0K [0x243d0000, 0x24920000, 0x29920000)
  eden space 4416K,   0% used [0x243d0000, 0x243d0000, 0x24820000)
  from space 512K,   0% used [0x24820000, 0x248202c8, 0x248a0000)
  to   space 512K,   0% used [0x248a0000, 0x248a0000, 0x24920000)
 tenured generation   total 10944K, used 3169K [0x29920000, 0x2a3d0000, 0x343d0000)
   the space 10944K,  28% used [0x29920000, 0x29c38698, 0x29c38800, 0x2a3d0000)
 compacting perm gen  total 12288K, used 2158K [0x343d0000, 0x34fd0000, 0x383d0000)
   the space 12288K,  17% used [0x343d0000, 0x345eba70, 0x345ebc00, 0x34fd0000)
    ro space 10240K,  42% used [0x383d0000, 0x38810348, 0x38810400, 0x38dd0000)
    rw space 12288K,  54% used [0x38dd0000, 0x394506f0, 0x39450800, 0x399d0000)
}
Event: 3411.573 GC heap before
{Heap before GC invocations=1168 (full 0):
 def new generation   total 4928K, used 4416K [0x243d0000, 0x24920000, 0x29920000)
  eden space 4416K, 100% used [0x243d0000, 0x24820000, 0x24820000)
  from space 512K,   0% used [0x24820000, 0x248202c8, 0x248a0000)
  to   space 512K,   0% used [0x248a0000, 0x248a0000, 0x24920000)
 tenured generation   total 10944K, used 3169K [0x29920000, 0x2a3d0000, 0x343d0000)
   the space 10944K,  28% used [0x29920000, 0x29c38698, 0x29c38800, 0x2a3d0000)
 compacting perm gen  total 12288K, used 2158K [0x343d0000, 0x34fd0000, 0x383d0000)
   the space 12288K,  17% used [0x343d0000, 0x345eba70, 0x345ebc00, 0x34fd0000)
    ro space 10240K,  42% used [0x383d0000, 0x38810348, 0x38810400, 0x38dd0000)
    rw space 12288K,  54% used [0x38dd0000, 0x394506f0, 0x39450800, 0x399d0000)
Event: 3411.574 GC heap after
Heap after GC invocations=1169 (full 0):
 def new generation   total 4928K, used 0K [0x243d0000, 0x24920000, 0x29920000)
  eden space 4416K,   0% used [0x243d0000, 0x243d0000, 0x24820000)
  from space 512K,   0% used [0x248a0000, 0x248a02a8, 0x24920000)
  to   space 512K,   0% used [0x24820000, 0x24820000, 0x248a0000)
 tenured generation   total 10944K, used 3169K [0x29920000, 0x2a3d0000, 0x343d0000)
   the space 10944K,  28% used [0x29920000, 0x29c38698, 0x29c38800, 0x2a3d0000)
 compacting perm gen  total 12288K, used 2158K [0x343d0000, 0x34fd0000, 0x383d0000)
   the space 12288K,  17% used [0x343d0000, 0x345eba70, 0x345ebc00, 0x34fd0000)
    ro space 10240K,  42% used [0x383d0000, 0x38810348, 0x38810400, 0x38dd0000)
    rw space 12288K,  54% used [0x38dd0000, 0x394506f0, 0x39450800, 0x399d0000)
}
Event: 3414.537 GC heap before
{Heap before GC invocations=1169 (full 0):
 def new generation   total 4928K, used 4416K [0x243d0000, 0x24920000, 0x29920000)
  eden space 4416K, 100% used [0x243d0000, 0x24820000, 0x24820000)
  from space 512K,   0% used [0x248a0000, 0x248a02a8, 0x24920000)
  to   space 512K,   0% used [0x24820000, 0x24820000, 0x248a0000)
 tenured generation   total 10944K, used 3169K [0x29920000, 0x2a3d0000, 0x343d0000)
   the space 10944K,  28% used [0x29920000, 0x29c38698, 0x29c38800, 0x2a3d0000)
 compacting perm gen  total 12288K, used 2158K [0x343d0000, 0x34fd0000, 0x383d0000)
   the space 12288K,  17% used [0x343d0000, 0x345eba70, 0x345ebc00, 0x34fd0000)
    ro space 10240K,  42% used [0x383d0000, 0x38810348, 0x38810400, 0x38dd0000)
    rw space 12288K,  54% used [0x38dd0000, 0x394506f0, 0x39450800, 0x399d0000)
Event: 3414.537 GC heap after
Heap after GC invocations=1170 (full 0):
 def new generation   total 4928K, used 0K [0x243d0000, 0x24920000, 0x29920000)
  eden space 4416K,   0% used [0x243d0000, 0x243d0000, 0x24820000)
  from space 512K,   0% used [0x24820000, 0x24820300, 0x248a0000)
  to   space 512K,   0% used [0x248a0000, 0x248a0000, 0x24920000)
 tenured generation   total 10944K, used 3169K [0x29920000, 0x2a3d0000, 0x343d0000)
   the space 10944K,  28% used [0x29920000, 0x29c38698, 0x29c38800, 0x2a3d0000)
 compacting perm gen  total 12288K, used 2158K [0x343d0000, 0x34fd0000, 0x383d0000)
   the space 12288K,  17% used [0x343d0000, 0x345eba70, 0x345ebc00, 0x34fd0000)
    ro space 10240K,  42% used [0x383d0000, 0x38810348, 0x38810400, 0x38dd0000)
    rw space 12288K,  54% used [0x38dd0000, 0x394506f0, 0x39450800, 0x399d0000)
}
Event: 3417.489 GC heap before
{Heap before GC invocations=1170 (full 0):
 def new generation   total 4928K, used 4416K [0x243d0000, 0x24920000, 0x29920000)
  eden space 4416K, 100% used [0x243d0000, 0x24820000, 0x24820000)
  from space 512K,   0% used [0x24820000, 0x24820300, 0x248a0000)
  to   space 512K,   0% used [0x248a0000, 0x248a0000, 0x24920000)
 tenured generation   total 10944K, used 3169K [0x29920000, 0x2a3d0000, 0x343d0000)
   the space 10944K,  28% used [0x29920000, 0x29c38698, 0x29c38800, 0x2a3d0000)
 compacting perm gen  total 12288K, used 2158K [0x343d0000, 0x34fd0000, 0x383d0000)
   the space 12288K,  17% used [0x343d0000, 0x345eba70, 0x345ebc00, 0x34fd0000)
    ro space 10240K,  42% used [0x383d0000, 0x38810348, 0x38810400, 0x38dd0000)
    rw space 12288K,  54% used [0x38dd0000, 0x394506f0, 0x39450800, 0x399d0000)
Event: 3417.489 GC heap after
Heap after GC invocations=1171 (full 0):
 def new generation   total 4928K, used 0K [0x243d0000, 0x24920000, 0x29920000)
  eden space 4416K,   0% used [0x243d0000, 0x243d0000, 0x24820000)
  from space 512K,   0% used [0x248a0000, 0x248a0310, 0x24920000)
  to   space 512K,   0% used [0x24820000, 0x24820000, 0x248a0000)
 tenured generation   total 10944K, used 3169K [0x29920000, 0x2a3d0000, 0x343d0000)
   the space 10944K,  28% used [0x29920000, 0x29c38698, 0x29c38800, 0x2a3d0000)
 compacting perm gen  total 12288K, used 2158K [0x343d0000, 0x34fd0000, 0x383d0000)
   the space 12288K,  17% used [0x343d0000, 0x345eba70, 0x345ebc00, 0x34fd0000)
    ro space 10240K,  42% used [0x383d0000, 0x38810348, 0x38810400, 0x38dd0000)
    rw space 12288K,  54% used [0x38dd0000, 0x394506f0, 0x39450800, 0x399d0000)
}

Deoptimization events (0 events):
No events

Internal exceptions (10 events):
Event: 4.389 Thread 0x04b54000 Threw 0x2467d5a0 at C:\jdk7u1_32P\jdk7u9_3984_new\hotspot\src\share\vm\prims\jni.cpp:716
Event: 4.672 Thread 0x04b54000 Threw 0x246940f8 at C:\jdk7u1_32P\jdk7u9_3984_new\hotspot\src\share\vm\prims\jni.cpp:716
Event: 4.672 Thread 0x04b54000 Threw 0x246a3d90 at C:\jdk7u1_32P\jdk7u9_3984_new\hotspot\src\share\vm\prims\jni.cpp:716
Event: 4.952 Thread 0x04b54000 Threw 0x246c2920 at C:\jdk7u1_32P\jdk7u9_3984_new\hotspot\src\share\vm\prims\jni.cpp:716
Event: 4.953 Thread 0x04b54000 Threw 0x246d24a0 at C:\jdk7u1_32P\jdk7u9_3984_new\hotspot\src\share\vm\prims\jvm.cpp:1166
Event: 4.953 Thread 0x04b54000 Threw 0x246d5a50 at C:\jdk7u1_32P\jdk7u9_3984_new\hotspot\src\share\vm\prims\jvm.cpp:1166
Event: 4.954 Thread 0x04b54000 Threw 0x246d93a8 at C:\jdk7u1_32P\jdk7u9_3984_new\hotspot\src\share\vm\prims\jvm.cpp:1166
Event: 4.954 Thread 0x04b54000 Threw 0x246dcc68 at C:\jdk7u1_32P\jdk7u9_3984_new\hotspot\src\share\vm\prims\jvm.cpp:1166
Event: 5.200 Thread 0x04b54000 Threw 0x246dfdd0 at C:\jdk7u1_32P\jdk7u9_3984_new\hotspot\src\share\vm\prims\jvm.cpp:1166
Event: 5.280 Thread 0x04b54000 Threw 0x246e3d30 at C:\jdk7u1_32P\jdk7u9_3984_new\hotspot\src\share\vm\prims\jvm.cpp:1166

Events (10 events):
Event: 3405.673 Executing VM operation: GenCollectForAllocation
Event: 3405.674 Executing VM operation: GenCollectForAllocation done
Event: 3408.623 Executing VM operation: GenCollectForAllocation
Event: 3408.624 Executing VM operation: GenCollectForAllocation done
Event: 3411.573 Executing VM operation: GenCollectForAllocation
Event: 3411.574 Executing VM operation: GenCollectForAllocation done
Event: 3414.536 Executing VM operation: GenCollectForAllocation
Event: 3414.537 Executing VM operation: GenCollectForAllocation done
Event: 3417.489 Executing VM operation: GenCollectForAllocation
Event: 3417.489 Executing VM operation: GenCollectForAllocation done


Dynamic libraries:
0x01170000 - 0x0119f000 	C:\Windows\SysWOW64\javaw.exe
0x771c0000 - 0x77340000 	C:\Windows\SysWOW64\ntdll.dll
0x75de0000 - 0x75ee0000 	C:\Windows\syswow64\kernel32.dll
0x75ee0000 - 0x75f26000 	C:\Windows\syswow64\KERNELBASE.dll
0x75540000 - 0x755e0000 	C:\Windows\syswow64\ADVAPI32.dll
0x755f0000 - 0x7569c000 	C:\Windows\syswow64\msvcrt.dll
0x75290000 - 0x752a9000 	C:\Windows\SysWOW64\sechost.dll
0x758c0000 - 0x759b0000 	C:\Windows\syswow64\RPCRT4.dll
0x74d30000 - 0x74d90000 	C:\Windows\syswow64\SspiCli.dll
0x74d20000 - 0x74d2c000 	C:\Windows\syswow64\CRYPTBASE.dll
0x75f90000 - 0x76090000 	C:\Windows\syswow64\USER32.dll
0x756a0000 - 0x75730000 	C:\Windows\syswow64\GDI32.dll
0x75760000 - 0x7576a000 	C:\Windows\syswow64\LPK.dll
0x74da0000 - 0x74e3d000 	C:\Windows\syswow64\USP10.dll
0x72ba0000 - 0x72d3e000 	C:\Windows\WinSxS\x86_microsoft.windows.common-controls_6595b64144ccf1df_6.0.7600.16385_none_421189da2b7fabfc\COMCTL32.dll
0x752b0000 - 0x75307000 	C:\Windows\syswow64\SHLWAPI.dll
0x74e40000 - 0x74ea0000 	C:\Windows\system32\IMM32.DLL
0x759b0000 - 0x75a7c000 	C:\Windows\syswow64\MSCTF.dll
0x675c0000 - 0x6767e000 	C:\Program Files (x86)\Java\jre7\bin\msvcr100.dll
0x65a60000 - 0x65dad000 	C:\Program Files (x86)\Java\jre7\bin\client\jvm.dll
0x732e0000 - 0x732e7000 	C:\Windows\SysWOW64\WSOCK32.dll
0x74ea0000 - 0x74ed5000 	C:\Windows\syswow64\WS2_32.dll
0x77190000 - 0x77196000 	C:\Windows\syswow64\NSI.dll
0x73270000 - 0x732a2000 	C:\Windows\SysWOW64\WINMM.dll
0x75f60000 - 0x75f65000 	C:\Windows\syswow64\PSAPI.DLL
0x73c40000 - 0x73c4c000 	C:\Program Files (x86)\Java\jre7\bin\verify.dll
0x73c20000 - 0x73c40000 	C:\Program Files (x86)\Java\jre7\bin\java.dll
0x73c00000 - 0x73c13000 	C:\Program Files (x86)\Java\jre7\bin\zip.dll
0x65910000 - 0x65a52000 	C:\Program Files (x86)\Java\jre7\bin\awt.dll
0x754b0000 - 0x7553f000 	C:\Windows\syswow64\OLEAUT32.dll
0x75b40000 - 0x75c9c000 	C:\Windows\syswow64\ole32.dll
0x71c40000 - 0x71c53000 	C:\Windows\system32\DWMAPI.DLL
0x71d20000 - 0x71da0000 	C:\Windows\system32\uxtheme.dll
0x72e20000 - 0x72e78000 	C:\Program Files (x86)\Common Files\microsoft shared\ink\tiptsf.dll
0x73780000 - 0x73789000 	C:\Windows\SysWOW64\version.dll
0x695d0000 - 0x695fa000 	C:\Program Files (x86)\Java\jre7\bin\fontmanager.dll
0x675a0000 - 0x675b4000 	C:\Program Files (x86)\Java\jre7\bin\net.dll
0x735b0000 - 0x735ec000 	C:\Windows\system32\mswsock.dll
0x72f60000 - 0x72f66000 	C:\Windows\System32\wship6.dll
0x695c0000 - 0x695cf000 	C:\Program Files (x86)\Java\jre7\bin\nio.dll
0x67560000 - 0x67591000 	C:\Program Files (x86)\Java\jre7\bin\t2k.dll
0x10000000 - 0x10012000 	C:\Users\as\Desktop\EvvGC GUI\EvvGC_GUI_v0_3\application.windows32\lib\rxtxSerial.dll
0x6c240000 - 0x6c267000 	C:\Windows\SysWOW64\crtdll.dll
0x658e0000 - 0x65904000 	C:\Program Files (x86)\Java\jre7\bin\dcpr.dll
0x75ab0000 - 0x75b33000 	C:\Windows\syswow64\CLBCatQ.DLL
0x70d00000 - 0x70d3c000 	C:\Windows\SysWOW64\oleacc.dll
0x71500000 - 0x715eb000 	C:\Windows\SysWOW64\dbghelp.dll

VM Arguments:
jvm_args: -Djava.library.path=C:\Users\as\Desktop\EvvGC GUI\EvvGC_GUI_v0_3\application.windows32\lib 
java_command: EvvGC_GUI_v0_3
Launcher Type: SUN_STANDARD

Environment Variables:
CLASSPATH=C:\Users\as\Desktop\EvvGC GUI\EvvGC_GUI_v0_3\application.windows32\lib\EvvGC_GUI_v0_3.jar;C:\Users\as\Desktop\EvvGC GUI\EvvGC_GUI_v0_3\application.windows32\lib\core.jar;C:\Users\as\Desktop\EvvGC GUI\EvvGC_GUI_v0_3\application.windows32\lib\jogl-all.jar;C:\Users\as\Desktop\EvvGC GUI\EvvGC_GUI_v0_3\application.windows32\lib\gluegen-rt.jar;C:\Users\as\Desktop\EvvGC GUI\EvvGC_GUI_v0_3\application.windows32\lib\jogl-all-natives-windows-i586.jar;C:\Users\as\Desktop\EvvGC GUI\EvvGC_GUI_v0_3\application.windows32\lib\gluegen-rt-natives-windows-i586.jar;C:\Users\as\Desktop\EvvGC GUI\EvvGC_GUI_v0_3\application.windows32\lib\RXTXcomm.jar;C:\Users\as\Desktop\EvvGC GUI\EvvGC_GUI_v0_3\application.windows32\lib\serial.jar;C:\Users\as\Desktop\EvvGC GUI\EvvGC_GUI_v0_3\application.windows32\lib\controlP5.jar
PATH=C:\Program Files (x86)\NVIDIA Corporation\PhysX\Common;C:\WinAVR-20100110\bin;C:\WinAVR-20100110\utils\bin;C:\Windows\system32;C:\Windows;C:\Windows\System32\Wbem;C:\Windows\System32\WindowsPowerShell\v1.0;C:\Program Files (x86)\QuickTime\QTSystem;C:\Program Files (x86)\Common Files\Acronis\SnapAPI;C:\Program Files (x86)\Universal Extractor;C:\Program Files (x86)\Universal Extractor\bin;C:\Program Files\Java\jdk1.7.0_21\bin
USERNAME=as
OS=Windows_NT
PROCESSOR_IDENTIFIER=Intel64 Family 6 Model 42 Stepping 7, GenuineIntel



---------------  S Y S T E M  ---------------

OS: Windows 7 , 64 bit Build 7600 

CPU:total 4 (2 cores per cpu, 2 threads per core) family 6 model 42 stepping 7, cmov, cx8, fxsr, mmx, sse, sse2, sse3, ssse3, sse4.1, sse4.2, popcnt, ht, tsc, tscinvbit

Memory: 4k page, physical 8298804k(5974924k free), swap 16595688k(14044080k free)

vm_info: Java HotSpot(TM) Client VM (23.5-b02) for windows-x86 JRE (1.7.0_09-b05), built on Sep 24 2012 22:01:33 by "java_re" with unknown MS VC++:1600

time: Tue Jul 02 09:13:07 2013
elapsed time: 3420 seconds

